INFO 2019-05-14 16:56:12,271 [1]
+++++++++++++++++++++++++++++++++++++
FreeWorship Version: 3.4.2 x64
Windows OS Version:10 Home Single Language 64-bit
Sys Mem:3969MB

DEBUG2019-05-14 16:56:12,303 [1]
Starting new Icon generation thread ThumbGen6568

INFO 2019-05-14 16:56:12,740 [1]
Created Win8.1/Win10 spell checker

INFO 2019-05-14 16:56:19,466 [1]
Succesfully started PowerPoint 2016

DEBUG2019-05-14 16:56:20,850 [1]
Presentation window's handle is 66514

INFO 2019-05-14 16:56:24,882 [1]
Loaded Chrome Embedded Framework

INFO 2019-05-14 16:56:32,465 [1]
Initialised Chrome Embedded Framework

INFO 2019-05-14 16:56:32,877 [1]
Failed to load the following font: No se puede convertir FontFamilyConverter desde System.String.

INFO 2019-05-14 16:56:34,546 [1]
Failed to load the following font:HelveticaNeueLT Std 

INFO 2019-05-14 16:56:34,546 [1]
Failed to load the following font:HelveticaNeueLT Std Blk 

INFO 2019-05-14 16:56:34,546 [1]
Failed to load the following font:HelveticaNeueLT Std Cn 

INFO 2019-05-14 16:56:34,546 [1]
Failed to load the following font:HelveticaNeueLT Std Lt 

INFO 2019-05-14 16:56:36,315 [1]
Loaded 171 fonts successfully and failed to load the following fonts:

INFO 2019-05-14 16:56:36,405 [1]
No errors to report

INFO 2019-05-14 16:56:40,799 [1]
Songs Database loaded with 535 items

INFO 2019-05-14 16:56:41,783 [1]
Bibles Database loaded with 3 items

INFO 2019-05-14 16:56:41,784 [1]
Slides Database loaded with 0 items

DEBUG2019-05-14 16:56:46,249 [1]
Opening folder '' in file browser

DEBUG2019-05-14 16:56:46,260 [1]
Opening folder '' in file browser

DEBUG2019-05-14 16:56:46,280 [1]
Opening folder 'C:\Users\Febe\Downloads' in file browser

INFO 2019-05-14 16:56:46,938 [1]
Notification Added: It looks like you haven't set up your screens correctly. Would you like FreeWorship to do it for you?

DEBUG2019-05-14 17:01:28,185 [1]
Changed selected service item
Cleaned old item after 0ms
New item is of type FreeWorship.ServiceList.SongServiceItem
Generated new VM after 31ms
Set new VM after 31ms
Set background settings after 79ms
Finished changing item after 79ms

DEBUG2019-05-14 17:01:29,021 [9]
Text creation 30 characters 640x340
Create text after 0ms
Wrapped text after 0ms
Drawn text after 0ms


DEBUG2019-05-14 17:01:29,021 [15]
Text creation 107 characters 472,037647058823x250,77
Create text after 0ms
Wrapped text after 0ms
Drawn text after 0ms


DEBUG2019-05-14 17:01:29,021 [16]
Text creation 30 characters 472,037647058823x250,77
Create text after 0ms
Wrapped text after 0ms
Drawn text after 0ms


DEBUG2019-05-14 17:01:29,023 [11]
Text creation 107 characters 640x340
Create text after 0ms
Wrapped text after 0ms
Drawn text after 0ms


DEBUG2019-05-14 17:01:37,249 [15]
Text creation 114 characters 472,037647058823x250,77
Create text after 0ms
Wrapped text after 0ms
Drawn text after 0ms


DEBUG2019-05-14 17:01:37,250 [16]
Text creation 114 characters 640x340
Create text after 0ms
Wrapped text after 0ms
Drawn text after 0ms


DEBUG2019-05-14 17:02:59,352 [11]
Text creation 115 characters 640x340
Create text after 0ms
Wrapped text after 0ms
Drawn text after 0ms


DEBUG2019-05-14 17:02:59,352 [17]
Text creation 115 characters 472,037647058823x250,77
Create text after 0ms
Wrapped text after 0ms
Drawn text after 0ms


DEBUG2019-05-14 17:03:00,048 [14]
Text creation 103 characters 472,037647058823x250,77
Create text after 0ms
Wrapped text after 0ms
Drawn text after 0ms


DEBUG2019-05-14 17:03:00,048 [21]
Text creation 103 characters 640x340
Create text after 0ms
Wrapped text after 0ms
Drawn text after 0ms


DEBUG2019-05-14 17:04:05,677 [10]
Text creation 84 characters 640x340
Create text after 0ms
Wrapped text after 0ms
Drawn text after 0ms


DEBUG2019-05-14 17:04:05,680 [24]
Text creation 84 characters 472,037647058823x250,77
Create text after 0ms
Wrapped text after 0ms
Drawn text after 0ms


DEBUG2019-05-14 17:07:35,767 [20]
Text creation 36 characters 640x340
Create text after 0ms
Wrapped text after 0ms
Drawn text after 0ms


DEBUG2019-05-14 17:07:35,772 [1]
Changed selected service item
Cleaned old item after 4ms
New item is of type FreeWorship.ServiceList.SongServiceItem
Generated new VM after 4ms
Set new VM after 4ms
Set background settings after 4ms
Finished changing item after 4ms

DEBUG2019-05-14 17:07:35,777 [24]
Text creation 36 characters 472,037647058823x250,77
Create text after 0ms
Wrapped text after 0ms
Drawn text after 0ms


DEBUG2019-05-14 17:07:35,842 [23]
Text creation 303 characters 472,037647058823x250,77
Create text after 0ms
Wrapped text after 0ms
Drawn text after 0ms


DEBUG2019-05-14 17:07:35,902 [25]
Text creation 303 characters 640x340
Create text after 0ms
Wrapped text after 0ms
Drawn text after 0ms


DEBUG2019-05-14 17:07:51,305 [1]
Changed selected service item
Cleaned old item after 0ms
New item is of type FreeWorship.ServiceList.SongServiceItem
Generated new VM after 0ms
Set new VM after 0ms
Set background settings after 0ms
Finished changing item after 0ms

DEBUG2019-05-14 17:07:51,325 [24]
Text creation 29 characters 640x340
Create text after 0ms
Wrapped text after 0ms
Drawn text after 0ms


DEBUG2019-05-14 17:07:51,325 [20]
Text creation 29 characters 472,037647058823x250,77
Create text after 0ms
Wrapped text after 0ms
Drawn text after 0ms


DEBUG2019-05-14 17:07:51,325 [23]
Text creation 99 characters 640x340
Create text after 0ms
Wrapped text after 0ms
Drawn text after 0ms


DEBUG2019-05-14 17:07:51,325 [25]
Text creation 99 characters 472,037647058823x250,77
Create text after 0ms
Wrapped text after 0ms
Drawn text after 0ms


DEBUG2019-05-14 17:07:51,923 [1]
Changed selected service item
Cleaned old item after 0ms
New item is of type FreeWorship.ServiceList.SongServiceItem
Generated new VM after 0ms
Set new VM after 0ms
Set background settings after 0ms
Finished changing item after 0ms

DEBUG2019-05-14 17:07:51,923 [24]
Text creation 25 characters 640x340
Create text after 0ms
Wrapped text after 0ms
Drawn text after 0ms


DEBUG2019-05-14 17:07:51,928 [22]
Text creation 25 characters 472,037647058823x250,77
Create text after 0ms
Wrapped text after 0ms
Drawn text after 0ms


DEBUG2019-05-14 17:07:51,968 [25]
Text creation 166 characters 472,037647058823x250,77
Create text after 0ms
Wrapped text after 0ms
Drawn text after 0ms


DEBUG2019-05-14 17:07:51,968 [20]
Text creation 166 characters 640x340
Create text after 0ms
Wrapped text after 0ms
Drawn text after 0ms


DEBUG2019-05-14 17:07:53,224 [1]
Changed selected service item
Cleaned old item after 0ms
New item is of type FreeWorship.ServiceList.SongServiceItem
Generated new VM after 0ms
Set new VM after 0ms
Set background settings after 0ms
Finished changing item after 0ms

DEBUG2019-05-14 17:07:53,244 [24]
Text creation 26 characters 640x340
Create text after 0ms
Wrapped text after 0ms
Drawn text after 0ms


DEBUG2019-05-14 17:07:53,249 [10]
Text creation 26 characters 472,037647058823x250,77
Create text after 0ms
Wrapped text after 0ms
Drawn text after 0ms


DEBUG2019-05-14 17:07:53,249 [22]
Text creation 164 characters 640x340
Create text after 0ms
Wrapped text after 0ms
Drawn text after 0ms


DEBUG2019-05-14 17:07:53,254 [25]
Text creation 164 characters 472,037647058823x250,77
Create text after 0ms
Wrapped text after 0ms
Drawn text after 0ms


DEBUG2019-05-14 17:08:03,432 [1]
Changed selected service item
Cleaned old item after 0ms
New item is of type FreeWorship.ServiceList.SongServiceItem
Generated new VM after 0ms
Set new VM after 0ms
Set background settings after 0ms
Finished changing item after 0ms

DEBUG2019-05-14 17:08:03,442 [25]
Text creation 16 characters 640x340
Create text after 0ms
Wrapped text after 0ms
Drawn text after 0ms


DEBUG2019-05-14 17:08:03,447 [20]
Text creation 16 characters 472,037647058823x250,77
Create text after 0ms
Wrapped text after 0ms
Drawn text after 0ms


DEBUG2019-05-14 17:08:03,447 [22]
Text creation 85 characters 640x340
Create text after 0ms
Wrapped text after 0ms
Drawn text after 0ms


DEBUG2019-05-14 17:08:03,447 [17]
Text creation 85 characters 472,037647058823x250,77
Create text after 0ms
Wrapped text after 0ms
Drawn text after 0ms


DEBUG2019-05-14 17:08:05,057 [1]
Changed selected service item
Cleaned old item after 0ms
New item is of type FreeWorship.ServiceList.SongServiceItem
Generated new VM after 0ms
Set new VM after 0ms
Set background settings after 0ms
Finished changing item after 0ms

DEBUG2019-05-14 17:08:19,399 [21]
Text creation 162 characters 640x340
Create text after 0ms
Wrapped text after 0ms
Drawn text after 0ms


DEBUG2019-05-14 17:08:19,399 [23]
Text creation 162 characters 472,037647058823x250,77
Create text after 0ms
Wrapped text after 0ms
Drawn text after 0ms


DEBUG2019-05-14 17:08:33,792 [24]
Text creation 160 characters 640x340
Create text after 0ms
Wrapped text after 0ms
Drawn text after 0ms


DEBUG2019-05-14 17:08:33,793 [23]
Text creation 160 characters 472,037647058823x250,77
Create text after 0ms
Wrapped text after 0ms
Drawn text after 0ms


DEBUG2019-05-14 17:08:49,218 [1]
Changed selected service item
Cleaned old item after 0ms
New item is of type FreeWorship.ServiceList.SongServiceItem
Generated new VM after 0ms
Set new VM after 0ms
Set background settings after 0ms
Finished changing item after 0ms

DEBUG2019-05-14 17:08:58,176 [23]
Text creation 26 characters 324,094935076253x172,166059259259
Create text after 0ms
Wrapped text after 0ms
Drawn text after 0ms


DEBUG2019-05-14 17:08:58,176 [21]
Text creation 36 characters 324,094935076253x172,166059259259
Create text after 0ms
Wrapped text after 0ms
Drawn text after 0ms


DEBUG2019-05-14 17:08:58,258 [23]
Text creation 26 characters 323,383768191721x171,788251851852
Create text after 0ms
Wrapped text after 0ms
Drawn text after 0ms


DEBUG2019-05-14 17:08:58,258 [24]
Text creation 162 characters 324,094935076253x172,166059259259
Create text after 0ms
Wrapped text after 0ms
Drawn text after 0ms


DEBUG2019-05-14 17:08:58,298 [23]
Text creation 36 characters 323,383768191721x171,788251851852
Create text after 0ms
Wrapped text after 0ms
Drawn text after 0ms


DEBUG2019-05-14 17:08:58,298 [21]
Text creation 162 characters 323,383768191721x171,788251851852
Create text after 0ms
Wrapped text after 0ms
Drawn text after 0ms


DEBUG2019-05-14 17:08:58,303 [10]
Text creation 303 characters 324,094935076253x172,166059259259
Create text after 0ms
Wrapped text after 0ms
Drawn text after 0ms


DEBUG2019-05-14 17:08:58,308 [24]
Text creation 303 characters 323,383768191721x171,788251851852
Create text after 0ms
Wrapped text after 0ms
Drawn text after 0ms


DEBUG2019-05-14 17:08:59,567 [10]
Text creation 26 characters 470,135294117647x249,75
Create text after 0ms
Wrapped text after 0ms
Drawn text after 0ms


DEBUG2019-05-14 17:08:59,567 [10]
Text creation 36 characters 470,135294117647x249,75
Create text after 0ms
Wrapped text after 0ms
Drawn text after 0ms


DEBUG2019-05-14 17:08:59,592 [24]
Text creation 162 characters 470,135294117647x249,75
Create text after 0ms
Wrapped text after 0ms
Drawn text after 0ms


DEBUG2019-05-14 17:08:59,607 [23]
Text creation 303 characters 470,135294117647x249,75
Create text after 0ms
Wrapped text after 0ms
Drawn text after 0ms


DEBUG2019-05-14 17:13:06,200 [1]
Changed selected service item
Cleaned old item after 0ms
New item is of type FreeWorship.ServiceList.SongServiceItem
Generated new VM after 0ms
Set new VM after 0ms
Set background settings after 0ms
Finished changing item after 0ms

DEBUG2019-05-14 17:13:06,225 [16]
Text creation 21 characters 640x340
Create text after 0ms
Wrapped text after 0ms
Drawn text after 0ms


DEBUG2019-05-14 17:13:06,225 [14]
Text creation 163 characters 640x340
Create text after 0ms
Wrapped text after 0ms
Drawn text after 0ms


DEBUG2019-05-14 17:13:06,230 [24]
Text creation 21 characters 472,037647058823x250,77
Create text after 0ms
Wrapped text after 0ms
Drawn text after 0ms


DEBUG2019-05-14 17:13:06,230 [15]
Text creation 163 characters 472,037647058823x250,77
Create text after 0ms
Wrapped text after 0ms
Drawn text after 0ms


DEBUG2019-05-14 17:13:07,724 [14]
Text creation 135 characters 640x340
Create text after 0ms
Wrapped text after 0ms
Drawn text after 0ms


DEBUG2019-05-14 17:13:07,724 [24]
Text creation 135 characters 472,037647058823x250,77
Create text after 0ms
Wrapped text after 0ms
Drawn text after 0ms


DEBUG2019-05-14 17:19:44,055 [1]
Changed selected service item
Cleaned old item after 0ms
New item is of type FreeWorship.ServiceList.SongServiceItem
Generated new VM after 0ms
Set new VM after 0ms
Set background settings after 0ms
Finished changing item after 0ms

DEBUG2019-05-14 17:19:44,070 [16]
Text creation 11 characters 472,037647058823x250,77
Create text after 0ms
Wrapped text after 0ms
Drawn text after 0ms


DEBUG2019-05-14 17:19:44,075 [20]
Text creation 11 characters 640x340
Create text after 0ms
Wrapped text after 0ms
Drawn text after 0ms


DEBUG2019-05-14 17:19:44,075 [22]
Text creation 94 characters 472,037647058823x250,77
Create text after 0ms
Wrapped text after 0ms
Drawn text after 0ms


DEBUG2019-05-14 17:19:44,075 [7]
Text creation 94 characters 640x340
Create text after 0ms
Wrapped text after 0ms
Drawn text after 0ms


DEBUG2019-05-14 17:19:50,332 [16]
Text creation 139 characters 472,037647058823x250,77
Create text after 0ms
Wrapped text after 0ms
Drawn text after 0ms


DEBUG2019-05-14 17:19:50,333 [22]
Text creation 139 characters 640x340
Create text after 0ms
Wrapped text after 0ms
Drawn text after 0ms


DEBUG2019-05-14 17:24:16,591 [1]
Changed selected service item
Cleaned old item after 0ms
New item is of type FreeWorship.ServiceList.SongServiceItem
Generated new VM after 0ms
Set new VM after 0ms
Set background settings after 0ms
Finished changing item after 0ms

DEBUG2019-05-14 17:24:16,611 [20]
Text creation 20 characters 640x340
Create text after 0ms
Wrapped text after 0ms
Drawn text after 0ms


DEBUG2019-05-14 17:24:16,611 [22]
Text creation 20 characters 472,037647058823x250,77
Create text after 0ms
Wrapped text after 0ms
Drawn text after 0ms


DEBUG2019-05-14 17:24:16,616 [16]
Text creation 149 characters 472,037647058823x250,77
Create text after 0ms
Wrapped text after 0ms
Drawn text after 0ms


DEBUG2019-05-14 17:24:16,616 [18]
Text creation 149 characters 640x340
Create text after 0ms
Wrapped text after 0ms
Drawn text after 0ms


DEBUG2019-05-14 17:24:30,090 [20]
Text creation 260 characters 472,037647058823x250,77
Create text after 0ms
Wrapped text after 0ms
Drawn text after 0ms


DEBUG2019-05-14 17:24:30,095 [16]
Text creation 260 characters 640x340
Create text after 0ms
Wrapped text after 0ms
Drawn text after 0ms


DEBUG2019-05-14 17:24:51,477 [10]
Text creation 260 characters 472,037647058823x250,77
Create text after 0ms
Wrapped text after 0ms
Drawn text after 0ms


DEBUG2019-05-14 17:24:51,477 [14]
Text creation 260 characters 640x340
Create text after 0ms
Wrapped text after 0ms
Drawn text after 0ms


DEBUG2019-05-14 17:25:15,803 [10]
Text creation 257 characters 640x340
Create text after 0ms
Wrapped text after 0ms
Drawn text after 0ms


DEBUG2019-05-14 17:25:15,803 [11]
Text creation 257 characters 472,037647058823x250,77
Create text after 0ms
Wrapped text after 0ms
Drawn text after 0ms


DEBUG2019-05-14 17:25:29,422 [11]
Text creation 105 characters 640x340
Create text after 0ms
Wrapped text after 0ms
Drawn text after 0ms


DEBUG2019-05-14 17:25:29,427 [15]
Text creation 105 characters 472,037647058823x250,77
Create text after 0ms
Wrapped text after 0ms
Drawn text after 0ms


DEBUG2019-05-14 17:25:30,866 [10]
Text creation 150 characters 472,037647058823x250,77
Create text after 0ms
Wrapped text after 0ms
Drawn text after 0ms


DEBUG2019-05-14 17:25:30,866 [17]
Text creation 150 characters 640x340
Create text after 0ms
Wrapped text after 0ms
Drawn text after 0ms


DEBUG2019-05-14 19:08:12,542 [1]
Changed selected service item
Cleaned old item after 0ms
New item is of type FreeWorship.ServiceList.SongServiceItem
Generated new VM after 0ms
Set new VM after 0ms
Set background settings after 0ms
Finished changing item after 0ms

DEBUG2019-05-14 19:08:12,557 [16]
Text creation 22 characters 640x340
Create text after 0ms
Wrapped text after 0ms
Drawn text after 0ms


DEBUG2019-05-14 19:08:12,562 [11]
Text creation 22 characters 472,037647058823x250,77
Create text after 0ms
Wrapped text after 0ms
Drawn text after 0ms


DEBUG2019-05-14 19:08:12,562 [9]
Text creation 94 characters 472,037647058823x250,77
Create text after 0ms
Wrapped text after 0ms
Drawn text after 0ms


DEBUG2019-05-14 19:08:12,562 [18]
Text creation 94 characters 640x340
Create text after 0ms
Wrapped text after 0ms
Drawn text after 0ms


DEBUG2019-05-14 19:08:19,928 [11]
Text creation 97 characters 640x340
Create text after 0ms
Wrapped text after 0ms
Drawn text after 0ms


DEBUG2019-05-14 19:08:19,928 [9]
Text creation 97 characters 472,037647058823x250,77
Create text after 0ms
Wrapped text after 0ms
Drawn text after 0ms


DEBUG2019-05-14 19:08:43,457 [9]
Text creation 193 characters 640x340
Create text after 0ms
Wrapped text after 0ms
Drawn text after 0ms


DEBUG2019-05-14 19:08:43,457 [10]
Text creation 193 characters 472,037647058823x250,77
Create text after 0ms
Wrapped text after 0ms
Drawn text after 0ms


DEBUG2019-05-14 19:09:00,256 [11]
Text creation 102 characters 472,037647058823x250,77
Create text after 0ms
Wrapped text after 0ms
Drawn text after 0ms


DEBUG2019-05-14 19:09:00,257 [15]
Text creation 102 characters 640x340
Create text after 0ms
Wrapped text after 0ms
Drawn text after 0ms


DEBUG2019-05-14 19:09:22,204 [17]
Text creation 239 characters 640x340
Create text after 0ms
Wrapped text after 0ms
Drawn text after 0ms


DEBUG2019-05-14 19:09:22,204 [14]
Text creation 239 characters 472,037647058823x250,77
Create text after 0ms
Wrapped text after 0ms
Drawn text after 0ms


DEBUG2019-05-14 19:10:01,156 [11]
Text creation 102 characters 640x340
Create text after 0ms
Wrapped text after 0ms
Drawn text after 0ms


DEBUG2019-05-14 19:10:01,161 [17]
Text creation 102 characters 472,037647058823x250,77
Create text after 0ms
Wrapped text after 0ms
Drawn text after 0ms


DEBUG2019-05-14 19:12:58,676 [1]
Changed selected service item
Cleaned old item after 0ms
New item is of type FreeWorship.ServiceList.SongServiceItem
Generated new VM after 0ms
Set new VM after 0ms
Set background settings after 0ms
Finished changing item after 0ms

DEBUG2019-05-14 19:12:58,696 [17]
Text creation 16 characters 640x340
Create text after 0ms
Wrapped text after 0ms
Drawn text after 0ms


DEBUG2019-05-14 19:12:58,696 [16]
Text creation 16 characters 472,037647058823x250,77
Create text after 0ms
Wrapped text after 0ms
Drawn text after 0ms


DEBUG2019-05-14 19:12:58,701 [15]
Text creation 125 characters 472,037647058823x250,77
Create text after 0ms
Wrapped text after 0ms
Drawn text after 0ms


DEBUG2019-05-14 19:12:58,701 [5]
Text creation 125 characters 640x340
Create text after 0ms
Wrapped text after 0ms
Drawn text after 0ms


DEBUG2019-05-14 19:13:20,906 [14]
Text creation 93 characters 472,037647058823x250,77
Create text after 0ms
Wrapped text after 0ms
Drawn text after 0ms


DEBUG2019-05-14 19:13:20,907 [5]
Text creation 93 characters 640x340
Create text after 0ms
Wrapped text after 0ms
Drawn text after 0ms


DEBUG2019-05-14 19:19:29,981 [17]
Text creation 14 characters 640x340
Create text after 0ms
Wrapped text after 0ms
Drawn text after 0ms


DEBUG2019-05-14 19:19:29,981 [1]
Changed selected service item
Cleaned old item after 0ms
New item is of type FreeWorship.ServiceList.SongServiceItem
Generated new VM after 0ms
Set new VM after 0ms
Set background settings after 0ms
Finished changing item after 0ms

DEBUG2019-05-14 19:19:30,011 [15]
Text creation 14 characters 472,037647058823x250,77
Create text after 0ms
Wrapped text after 0ms
Drawn text after 0ms


DEBUG2019-05-14 19:19:30,016 [18]
Text creation 162 characters 640x340
Create text after 0ms
Wrapped text after 0ms
Drawn text after 0ms


DEBUG2019-05-14 19:19:30,016 [9]
Text creation 162 characters 472,037647058823x250,77
Create text after 0ms
Wrapped text after 0ms
Drawn text after 0ms


DEBUG2019-05-14 19:19:46,108 [15]
Text creation 192 characters 640x340
Create text after 0ms
Wrapped text after 0ms
Drawn text after 0ms


DEBUG2019-05-14 19:19:46,108 [17]
Text creation 192 characters 472,037647058823x250,77
Create text after 0ms
Wrapped text after 0ms
Drawn text after 0ms


DEBUG2019-05-14 19:19:59,454 [11]
Text creation 193 characters 472,037647058823x250,77
Create text after 0ms
Wrapped text after 0ms
Drawn text after 0ms


DEBUG2019-05-14 19:19:59,455 [9]
Text creation 193 characters 640x340
Create text after 0ms
Wrapped text after 0ms
Drawn text after 0ms


DEBUG2019-05-14 19:20:12,195 [18]
Text creation 173 characters 640x340
Create text after 0ms
Wrapped text after 0ms
Drawn text after 0ms


DEBUG2019-05-14 19:20:12,204 [17]
Text creation 173 characters 472,037647058823x250,77
Create text after 0ms
Wrapped text after 0ms
Drawn text after 0ms


DEBUG2019-05-14 22:33:33,784 [9]
Text creation 16 characters 640x340
Create text after 0ms
Wrapped text after 0ms
Drawn text after 0ms


DEBUG2019-05-14 22:33:33,784 [1]
Changed selected service item
Cleaned old item after 0ms
New item is of type FreeWorship.ServiceList.SongServiceItem
Generated new VM after 0ms
Set new VM after 0ms
Set background settings after 0ms
Finished changing item after 0ms

DEBUG2019-05-14 22:33:33,784 [18]
Text creation 16 characters 472,037647058823x250,77
Create text after 0ms
Wrapped text after 0ms
Drawn text after 0ms


DEBUG2019-05-14 22:33:33,834 [7]
Text creation 246 characters 472,037647058823x250,77
Create text after 0ms
Wrapped text after 0ms
Drawn text after 0ms


DEBUG2019-05-14 22:33:33,834 [14]
Text creation 246 characters 640x340
Create text after 0ms
Wrapped text after 0ms
Drawn text after 0ms


DEBUG2019-05-14 22:33:55,803 [18]
Text creation 151 characters 472,037647058823x250,77
Create text after 0ms
Wrapped text after 0ms
Drawn text after 0ms


DEBUG2019-05-14 22:33:55,803 [14]
Text creation 151 characters 640x340
Create text after 0ms
Wrapped text after 0ms
Drawn text after 0ms


DEBUG2019-05-14 22:34:07,692 [18]
Text creation 232 characters 472,037647058823x250,77
Create text after 0ms
Wrapped text after 0ms
Drawn text after 0ms


DEBUG2019-05-14 22:34:07,697 [14]
Text creation 232 characters 640x340
Create text after 0ms
Wrapped text after 0ms
Drawn text after 0ms


DEBUG2019-05-14 22:34:32,063 [7]
Text creation 239 characters 472,037647058823x250,77
Create text after 0ms
Wrapped text after 0ms
Drawn text after 0ms


DEBUG2019-05-14 22:34:32,063 [9]
Text creation 239 characters 640x340
Create text after 0ms
Wrapped text after 0ms
Drawn text after 0ms


DEBUG2019-05-14 22:41:56,967 [1]
Changed selected service item
Cleaned old item after 0ms
New item is of type FreeWorship.ServiceList.SongServiceItem
Generated new VM after 0ms
Set new VM after 0ms
Set background settings after 0ms
Finished changing item after 0ms

DEBUG2019-05-14 22:41:56,992 [16]
Text creation 21 characters 640x340
Create text after 0ms
Wrapped text after 0ms
Drawn text after 0ms


DEBUG2019-05-14 22:41:56,992 [17]
Text creation 21 characters 472,037647058823x250,77
Create text after 0ms
Wrapped text after 0ms
Drawn text after 0ms


DEBUG2019-05-14 22:41:56,992 [22]
Text creation 127 characters 640x340
Create text after 0ms
Wrapped text after 0ms
Drawn text after 0ms


DEBUG2019-05-14 22:41:56,992 [23]
Text creation 127 characters 472,037647058823x250,77
Create text after 0ms
Wrapped text after 0ms
Drawn text after 0ms


INFO 2019-05-14 22:52:37,406 [1]
Saving service list to C:\Users\Febe\Downloads\FreeWorshipPortable_3.4.2.171\CONFERENCIAS.fws

INFO 2019-05-14 22:52:37,475 [1]
Settings written to disk

INFO 2019-05-14 22:52:37,475 [1]
View closed

DEBUG2019-05-14 22:52:38,874 [1]
Closing 0 open presentations

DEBUG2019-05-14 22:52:38,874 [1]
Finished closing all open presentations

INFO 2019-05-14 22:52:38,921 [1]
Closing PowerPoint

INFO 2019-05-14 22:52:42,045 [1]
FreeWorship closed
-------------------------------------

ERROR2019-05-14 22:52:44,935 [5]
System.Threading.Tasks.TaskCanceledException: Se canceló una tarea.
   en System.Runtime.CompilerServices.TaskAwaiter.ThrowForNonSuccess(Task task)
   en System.Runtime.CompilerServices.TaskAwaiter.HandleNonSuccessAndDebuggerNotification(Task task)
   en System.Windows.Threading.DispatcherOperation.Wait(TimeSpan timeout)
   en System.Windows.Threading.Dispatcher.InvokeImpl(DispatcherOperation operation, CancellationToken cancellationToken, TimeSpan timeout)
   en System.Windows.Threading.Dispatcher.Invoke(Action callback, DispatcherPriority priority, CancellationToken cancellationToken, TimeSpan timeout)
   en System.Windows.Threading.Dispatcher.Invoke(Action callback)
   en System.IO.FileSystemWatcher.OnChanged(FileSystemEventArgs e)
   en System.IO.FileSystemWatcher.CompletionStatusChanged(UInt32 errorCode, UInt32 numBytes, NativeOverlapped* overlappedPointer)
   en System.Threading._IOCompletionCallback.PerformIOCompletionCallback(UInt32 errorCode, UInt32 numBytes, NativeOverlapped* pOVERLAP)

