DEBUG2019-06-10 17:27:10,495 [11]
Text creation 23 characters 470,135294117647x249,75
Create text after 0ms
Wrapped text after 0ms
Drawn text after 0ms


DEBUG2019-06-10 17:27:10,523 [27]
Text creation 243 characters 470,135294117647x249,75
Create text after 0ms
Wrapped text after 0ms
Drawn text after 0ms


DEBUG2019-06-10 17:27:10,603 [10]
Text creation 190 characters 470,135294117647x249,75
Create text after 0ms
Wrapped text after 0ms
Drawn text after 0ms


DEBUG2019-06-10 17:27:10,638 [19]
Text creation 111 characters 470,135294117647x249,75
Create text after 0ms
Wrapped text after 0ms
Drawn text after 0ms


DEBUG2019-06-10 17:27:10,733 [11]
Text creation 73 characters 470,135294117647x249,75
Create text after 0ms
Wrapped text after 0ms
Drawn text after 0ms


DEBUG2019-06-10 17:27:10,733 [10]
Text creation 19 characters 470,135294117647x249,75
Create text after 0ms
Wrapped text after 0ms
Drawn text after 0ms


DEBUG2019-06-10 17:27:10,748 [27]
Text creation 177 characters 470,135294117647x249,75
Create text after 0ms
Wrapped text after 0ms
Drawn text after 0ms


DEBUG2019-06-10 17:27:10,822 [11]
Text creation 142 characters 470,135294117647x249,75
Create text after 0ms
Wrapped text after 0ms
Drawn text after 0ms


DEBUG2019-06-10 17:27:10,827 [14]
Text creation 98 characters 470,135294117647x249,75
Create text after 0ms
Wrapped text after 0ms
Drawn text after 0ms


DEBUG2019-06-10 17:27:10,827 [19]
Text creation 243 characters 470,135294117647x249,75
Create text after 0ms
Wrapped text after 0ms
Drawn text after 0ms


DEBUG2019-06-10 17:27:10,827 [22]
Text creation 314 characters 470,135294117647x249,75
Create text after 0ms
Wrapped text after 0ms
Drawn text after 0ms


DEBUG2019-06-10 17:27:10,827 [10]
Text creation 243 characters 470,135294117647x249,75
Create text after 0ms
Wrapped text after 0ms
Drawn text after 0ms


