DEBUG2019-06-14 00:00:04,057 [1]
Changed selected service item
Cleaned old item after 0ms
New item is of type FreeWorship.ServiceList.SongServiceItem
Generated new VM after 0ms
Set new VM after 0ms
Set background settings after 0ms
Finished changing item after 0ms

DEBUG2019-06-14 00:00:04,077 [18]
Text creation 24 characters 472,037647058823x250,77
Create text after 0ms
Wrapped text after 0ms
Drawn text after 0ms


DEBUG2019-06-14 00:00:04,072 [7]
Text creation 127 characters 640x340
Create text after 0ms
Wrapped text after 0ms
Drawn text after 0ms


DEBUG2019-06-14 00:00:04,072 [24]
Text creation 24 characters 640x340
Create text after 0ms
Wrapped text after 0ms
Drawn text after 0ms


DEBUG2019-06-14 00:00:04,077 [35]
Text creation 127 characters 472,037647058823x250,77
Create text after 0ms
Wrapped text after 0ms
Drawn text after 0ms


DEBUG2019-06-14 00:00:06,744 [1]
Changed selected service item
Cleaned old item after 0ms
New item is of type FreeWorship.ServiceList.SongServiceItem
Generated new VM after 0ms
Set new VM after 0ms
Set background settings after 0ms
Finished changing item after 0ms

DEBUG2019-06-14 00:01:13,371 [26]
Text creation 15 characters 640x340
Create text after 0ms
Wrapped text after 0ms
Drawn text after 0ms


DEBUG2019-06-14 00:01:13,373 [1]
Changed selected service item
Cleaned old item after 0ms
New item is of type FreeWorship.ServiceList.SongServiceItem
Generated new VM after 0ms
Set new VM after 0ms
Set background settings after 0ms
Finished changing item after 0ms

DEBUG2019-06-14 00:01:13,397 [34]
Text creation 15 characters 472,037647058823x250,77
Create text after 0ms
Wrapped text after 0ms
Drawn text after 0ms


DEBUG2019-06-14 00:01:13,404 [5]
Text creation 159 characters 472,037647058823x250,77
Create text after 0ms
Wrapped text after 0ms
Drawn text after 0ms


DEBUG2019-06-14 00:01:13,405 [21]
Text creation 159 characters 640x340
Create text after 0ms
Wrapped text after 0ms
Drawn text after 0ms


DEBUG2019-06-14 00:01:45,932 [26]
Text creation 187 characters 640x340
Create text after 0ms
Wrapped text after 0ms
Drawn text after 0ms


DEBUG2019-06-14 00:01:45,932 [5]
Text creation 187 characters 472,037647058823x250,77
Create text after 0ms
Wrapped text after 0ms
Drawn text after 0ms


DEBUG2019-06-14 00:01:46,536 [27]
Text creation 24 characters 640x340
Create text after 0ms
Wrapped text after 0ms
Drawn text after 0ms


DEBUG2019-06-14 00:01:46,536 [1]
Changed selected service item
Cleaned old item after 0ms
New item is of type FreeWorship.ServiceList.SongServiceItem
Generated new VM after 0ms
Set new VM after 0ms
Set background settings after 0ms
Finished changing item after 0ms

DEBUG2019-06-14 00:01:46,571 [21]
Text creation 190 characters 640x340
Create text after 0ms
Wrapped text after 0ms
Drawn text after 0ms


DEBUG2019-06-14 00:01:46,571 [32]
Text creation 24 characters 472,037647058823x250,77
Create text after 0ms
Wrapped text after 0ms
Drawn text after 0ms


DEBUG2019-06-14 00:01:46,576 [29]
Text creation 190 characters 472,037647058823x250,77
Create text after 0ms
Wrapped text after 0ms
Drawn text after 0ms


DEBUG2019-06-14 00:01:46,711 [1]
Changed selected service item
Cleaned old item after 0ms
New item is of type FreeWorship.ServiceList.SongServiceItem
Generated new VM after 0ms
Set new VM after 0ms
Set background settings after 0ms
Finished changing item after 0ms

DEBUG2019-06-14 00:01:46,865 [1]
Changed selected service item
Cleaned old item after 0ms
Finished changing item after 0ms

DEBUG2019-06-14 00:01:47,868 [1]
Changed selected service item
Cleaned old item after 0ms
New item is of type FreeWorship.ServiceList.SongServiceItem
Generated new VM after 0ms
Set new VM after 0ms
Set background settings after 0ms
Finished changing item after 0ms

DEBUG2019-06-14 00:01:51,513 [1]
Changed selected service item
Cleaned old item after 0ms
New item is of type FreeWorship.ServiceList.SongServiceItem
Generated new VM after 0ms
Set new VM after 0ms
Set background settings after 0ms
Finished changing item after 0ms

DEBUG2019-06-14 00:01:52,420 [32]
Text creation 91 characters 472,037647058823x250,77
Create text after 0ms
Wrapped text after 0ms
Drawn text after 0ms


DEBUG2019-06-14 00:01:52,420 [27]
Text creation 91 characters 640x340
Create text after 0ms
Wrapped text after 0ms
Drawn text after 0ms


DEBUG2019-06-14 00:01:56,326 [5]
Text creation 18 characters 470,135294117647x249,75
Create text after 0ms
Wrapped text after 0ms
Drawn text after 0ms


DEBUG2019-06-14 00:01:56,331 [29]
Text creation 91 characters 470,135294117647x249,75
Create text after 0ms
Wrapped text after 0ms
Drawn text after 0ms


DEBUG2019-06-14 00:01:56,387 [28]
Text creation 25 characters 470,135294117647x249,75
Create text after 0ms
Wrapped text after 0ms
Drawn text after 0ms


DEBUG2019-06-14 00:01:56,387 [21]
Text creation 17 characters 470,135294117647x249,75
Create text after 0ms
Wrapped text after 0ms
Drawn text after 0ms


DEBUG2019-06-14 00:01:56,387 [29]
Text creation 25 characters 470,135294117647x249,75
Create text after 0ms
Wrapped text after 0ms
Drawn text after 0ms


DEBUG2019-06-14 00:01:56,412 [27]
Text creation 21 characters 470,135294117647x249,75
Create text after 0ms
Wrapped text after 0ms
Drawn text after 0ms


DEBUG2019-06-14 00:01:56,412 [5]
Text creation 123 characters 470,135294117647x249,75
Create text after 0ms
Wrapped text after 0ms
Drawn text after 0ms


DEBUG2019-06-14 00:01:56,417 [26]
Text creation 133 characters 470,135294117647x249,75
Create text after 0ms
Wrapped text after 0ms
Drawn text after 0ms


DEBUG2019-06-14 00:01:56,427 [34]
Text creation 115 characters 470,135294117647x249,75
Create text after 0ms
Wrapped text after 0ms
Drawn text after 0ms


DEBUG2019-06-14 00:01:56,526 [34]
Text creation 17 characters 472,017647058823x250,75
Create text after 0ms
Wrapped text after 0ms
Drawn text after 0ms


DEBUG2019-06-14 00:01:56,531 [32]
Text creation 123 characters 472,017647058823x250,75
Create text after 0ms
Wrapped text after 0ms
Drawn text after 0ms


DEBUG2019-06-14 00:01:56,531 [28]
Text creation 25 characters 472,017647058823x250,75
Create text after 0ms
Wrapped text after 0ms
Drawn text after 0ms


DEBUG2019-06-14 00:01:56,531 [5]
Text creation 21 characters 472,017647058823x250,75
Create text after 0ms
Wrapped text after 0ms
Drawn text after 0ms


DEBUG2019-06-14 00:01:56,531 [21]
Text creation 25 characters 472,017647058823x250,75
Create text after 0ms
Wrapped text after 0ms
Drawn text after 0ms


DEBUG2019-06-14 00:01:56,556 [27]
Text creation 133 characters 472,017647058823x250,75
Create text after 0ms
Wrapped text after 0ms
Drawn text after 0ms


DEBUG2019-06-14 00:01:56,561 [29]
Text creation 115 characters 472,017647058823x250,75
Create text after 0ms
Wrapped text after 0ms
Drawn text after 0ms


DEBUG2019-06-14 00:01:56,626 [32]
Text creation 18 characters 323,383768191721x171,788251851852
Create text after 0ms
Wrapped text after 0ms
Drawn text after 0ms


DEBUG2019-06-14 00:01:56,636 [21]
Text creation 25 characters 323,383768191721x171,788251851852
Create text after 0ms
Wrapped text after 0ms
Drawn text after 0ms


DEBUG2019-06-14 00:01:56,636 [28]
Text creation 91 characters 323,383768191721x171,788251851852
Create text after 0ms
Wrapped text after 0ms
Drawn text after 0ms


DEBUG2019-06-14 00:01:56,636 [27]
Text creation 17 characters 323,383768191721x171,788251851852
Create text after 0ms
Wrapped text after 0ms
Drawn text after 0ms


DEBUG2019-06-14 00:01:56,636 [26]
Text creation 25 characters 323,383768191721x171,788251851852
Create text after 0ms
Wrapped text after 0ms
Drawn text after 0ms


DEBUG2019-06-14 00:01:56,646 [32]
Text creation 123 characters 323,383768191721x171,788251851852
Create text after 0ms
Wrapped text after 0ms
Drawn text after 0ms


DEBUG2019-06-14 00:01:56,646 [5]
Text creation 21 characters 323,383768191721x171,788251851852
Create text after 0ms
Wrapped text after 0ms
Drawn text after 0ms


DEBUG2019-06-14 00:01:56,666 [34]
Text creation 133 characters 323,383768191721x171,788251851852
Create text after 0ms
Wrapped text after 0ms
Drawn text after 0ms


DEBUG2019-06-14 00:01:56,671 [29]
Text creation 115 characters 323,383768191721x171,788251851852
Create text after 0ms
Wrapped text after 0ms
Drawn text after 0ms


DEBUG2019-06-14 00:02:22,254 [1]
Changed selected service item
Cleaned old item after 0ms
New item is of type FreeWorship.ServiceList.SongServiceItem
Generated new VM after 0ms
Set new VM after 0ms
Set background settings after 0ms
Finished changing item after 0ms

DEBUG2019-06-14 00:02:27,365 [1]
Changed selected service item
Cleaned old item after 0ms
New item is of type FreeWorship.ServiceList.SongServiceItem
Generated new VM after 0ms
Set new VM after 0ms
Set background settings after 0ms
Finished changing item after 0ms

DEBUG2019-06-14 00:02:27,387 [9]
Text creation 27 characters 640x340
Create text after 0ms
Wrapped text after 0ms
Drawn text after 0ms


DEBUG2019-06-14 00:02:27,387 [28]
Text creation 111 characters 640x340
Create text after 0ms
Wrapped text after 0ms
Drawn text after 0ms


DEBUG2019-06-14 00:02:27,388 [25]
Text creation 27 characters 472,037647058823x250,77
Create text after 0ms
Wrapped text after 0ms
Drawn text after 0ms


DEBUG2019-06-14 00:02:27,408 [15]
Text creation 111 characters 472,037647058823x250,77
Create text after 0ms
Wrapped text after 0ms
Drawn text after 0ms


DEBUG2019-06-14 00:02:34,793 [1]
Changed selected service item
Cleaned old item after 0ms
New item is of type FreeWorship.ServiceList.SongServiceItem
Generated new VM after 0ms
Set new VM after 0ms
Set background settings after 0ms
Finished changing item after 0ms

DEBUG2019-06-14 00:02:34,846 [25]
Text creation 23 characters 640x340
Create text after 0ms
Wrapped text after 0ms
Drawn text after 0ms


DEBUG2019-06-14 00:02:34,850 [9]
Text creation 236 characters 640x340
Create text after 0ms
Wrapped text after 0ms
Drawn text after 0ms


DEBUG2019-06-14 00:02:34,850 [28]
Text creation 23 characters 472,037647058823x250,77
Create text after 0ms
Wrapped text after 0ms
Drawn text after 0ms


DEBUG2019-06-14 00:02:34,851 [15]
Text creation 236 characters 472,037647058823x250,77
Create text after 0ms
Wrapped text after 0ms
Drawn text after 0ms


DEBUG2019-06-14 00:02:39,259 [1]
Changed selected service item
Cleaned old item after 0ms
New item is of type FreeWorship.ServiceList.SongServiceItem
Generated new VM after 0ms
Set new VM after 0ms
Set background settings after 0ms
Finished changing item after 0ms

DEBUG2019-06-14 00:02:44,300 [1]
Changed selected service item
Cleaned old item after 0ms
New item is of type FreeWorship.ServiceList.SongServiceItem
Generated new VM after 0ms
Set new VM after 0ms
Set background settings after 0ms
Finished changing item after 0ms

DEBUG2019-06-14 00:02:47,268 [1]
Changed selected service item
Cleaned old item after 0ms
New item is of type FreeWorship.ServiceList.SongServiceItem
Generated new VM after 0ms
Set new VM after 0ms
Set background settings after 0ms
Finished changing item after 0ms

DEBUG2019-06-14 00:02:57,383 [32]
Text creation 19 characters 640x340
Create text after 0ms
Wrapped text after 0ms
Drawn text after 0ms


DEBUG2019-06-14 00:02:57,386 [9]
Text creation 19 characters 472,037647058823x250,77
Create text after 0ms
Wrapped text after 0ms
Drawn text after 0ms


DEBUG2019-06-14 00:02:58,293 [1]
Changed selected service item
Cleaned old item after 0ms
New item is of type FreeWorship.ServiceList.SongServiceItem
Generated new VM after 0ms
Set new VM after 0ms
Set background settings after 0ms
Finished changing item after 0ms

DEBUG2019-06-14 00:03:05,008 [28]
Text creation 23 characters 640x340
Create text after 0ms
Wrapped text after 0ms
Drawn text after 0ms


DEBUG2019-06-14 00:03:05,011 [25]
Text creation 23 characters 472,037647058823x250,77
Create text after 0ms
Wrapped text after 0ms
Drawn text after 0ms


DEBUG2019-06-14 00:03:06,127 [1]
Changed selected service item
Cleaned old item after 0ms
New item is of type FreeWorship.ServiceList.SongServiceItem
Generated new VM after 0ms
Set new VM after 0ms
Set background settings after 0ms
Finished changing item after 0ms

DEBUG2019-06-14 00:03:06,163 [15]
Text creation 30 characters 472,037647058823x250,77
Create text after 0ms
Wrapped text after 0ms
Drawn text after 0ms


DEBUG2019-06-14 00:03:06,163 [29]
Text creation 30 characters 640x340
Create text after 0ms
Wrapped text after 0ms
Drawn text after 0ms


DEBUG2019-06-14 00:03:06,168 [9]
Text creation 177 characters 472,037647058823x250,77
Create text after 0ms
Wrapped text after 0ms
Drawn text after 0ms


DEBUG2019-06-14 00:03:06,180 [25]
Text creation 177 characters 640x340
Create text after 0ms
Wrapped text after 0ms
Drawn text after 0ms


DEBUG2019-06-14 00:03:12,408 [15]
Text creation 30 characters 640x340
Create text after 0ms
Wrapped text after 0ms
Drawn text after 0ms


DEBUG2019-06-14 00:03:12,411 [29]
Text creation 30 characters 472,037647058823x250,77
Create text after 0ms
Wrapped text after 0ms
Drawn text after 0ms


DEBUG2019-06-14 00:03:13,318 [15]
Text creation 27 characters 640x340
Create text after 0ms
Wrapped text after 0ms
Drawn text after 0ms


DEBUG2019-06-14 00:03:13,319 [1]
Changed selected service item
Cleaned old item after 0ms
New item is of type FreeWorship.ServiceList.SongServiceItem
Generated new VM after 0ms
Set new VM after 0ms
Set background settings after 0ms
Finished changing item after 0ms

DEBUG2019-06-14 00:03:13,351 [32]
Text creation 27 characters 472,037647058823x250,77
Create text after 0ms
Wrapped text after 0ms
Drawn text after 0ms


DEBUG2019-06-14 00:03:13,352 [9]
Text creation 188 characters 472,037647058823x250,77
Create text after 0ms
Wrapped text after 0ms
Drawn text after 0ms


DEBUG2019-06-14 00:03:13,363 [28]
Text creation 188 characters 640x340
Create text after 0ms
Wrapped text after 0ms
Drawn text after 0ms


DEBUG2019-06-14 00:03:22,205 [29]
Text creation 27 characters 640x340
Create text after 0ms
Wrapped text after 0ms
Drawn text after 0ms


DEBUG2019-06-14 00:03:22,209 [28]
Text creation 27 characters 472,037647058823x250,77
Create text after 0ms
Wrapped text after 0ms
Drawn text after 0ms


DEBUG2019-06-14 00:03:23,990 [1]
Changed selected service item
Cleaned old item after 0ms
New item is of type FreeWorship.ServiceList.SongServiceItem
Generated new VM after 0ms
Set new VM after 0ms
Set background settings after 0ms
Finished changing item after 0ms

DEBUG2019-06-14 00:03:24,001 [32]
Text creation 99 characters 640x340
Create text after 0ms
Wrapped text after 0ms
Drawn text after 0ms


DEBUG2019-06-14 00:03:24,012 [32]
Text creation 99 characters 472,037647058823x250,77
Create text after 0ms
Wrapped text after 0ms
Drawn text after 0ms


DEBUG2019-06-14 00:03:24,015 [15]
Text creation 18 characters 640x340
Create text after 0ms
Wrapped text after 0ms
Drawn text after 0ms


DEBUG2019-06-14 00:03:30,720 [28]
Text creation 18 characters 640x340
Create text after 0ms
Wrapped text after 0ms
Drawn text after 0ms


DEBUG2019-06-14 00:03:30,723 [32]
Text creation 18 characters 472,037647058823x250,77
Create text after 0ms
Wrapped text after 0ms
Drawn text after 0ms


DEBUG2019-06-14 00:11:35,499 [1]
Changed selected service item
Cleaned old item after 0ms
New item is of type FreeWorship.ServiceList.SongServiceItem
Generated new VM after 0ms
Set new VM after 0ms
Set background settings after 0ms
Finished changing item after 0ms

DEBUG2019-06-14 00:11:35,516 [28]
Text creation 30 characters 472,037647058823x250,77
Create text after 0ms
Wrapped text after 0ms
Drawn text after 0ms


DEBUG2019-06-14 00:11:35,517 [25]
Text creation 30 characters 640x340
Create text after 0ms
Wrapped text after 0ms
Drawn text after 0ms


DEBUG2019-06-14 00:11:35,520 [32]
Text creation 109 characters 472,037647058823x250,77
Create text after 0ms
Wrapped text after 0ms
Drawn text after 0ms


DEBUG2019-06-14 00:11:35,520 [27]
Text creation 109 characters 640x340
Create text after 0ms
Wrapped text after 0ms
Drawn text after 0ms


DEBUG2019-06-14 00:11:44,016 [29]
Text creation 97 characters 640x340
Create text after 0ms
Wrapped text after 0ms
Drawn text after 0ms


DEBUG2019-06-14 00:11:44,016 [32]
Text creation 97 characters 472,037647058823x250,77
Create text after 0ms
Wrapped text after 0ms
Drawn text after 0ms


DEBUG2019-06-14 00:12:01,659 [32]
Text creation 98 characters 472,037647058823x250,77
Create text after 0ms
Wrapped text after 0ms
Drawn text after 0ms


DEBUG2019-06-14 00:12:01,659 [27]
Text creation 98 characters 640x340
Create text after 0ms
Wrapped text after 0ms
Drawn text after 0ms


DEBUG2019-06-14 00:12:04,133 [29]
Text creation 65 characters 640x340
Create text after 0ms
Wrapped text after 0ms
Drawn text after 0ms


DEBUG2019-06-14 00:12:04,133 [27]
Text creation 65 characters 472,037647058823x250,77
Create text after 0ms
Wrapped text after 0ms
Drawn text after 0ms


DEBUG2019-06-14 00:12:09,758 [32]
Text creation 104 characters 472,037647058823x250,77
Create text after 0ms
Wrapped text after 0ms
Drawn text after 0ms


DEBUG2019-06-14 00:12:09,776 [29]
Text creation 104 characters 640x340
Create text after 0ms
Wrapped text after 0ms
Drawn text after 0ms


WARN 2019-06-14 00:15:42,882 [1]
Exited a line because specified character index was greater than the line length. Text='Verso
Mi Cristo, mi Rey,
nadie es como Tú;
toda mi vida quiero exaltar
las maravillas de tu amor,
Consuelo, Refugio,
Torre de fuerza y poder
todo mi ser, lo que yo soy
nunca cese de adorar.

Coro
Canta al Señor toda la creación 
Honra y poder,
Majestad sea al Rey
Montes caerán y el mar rugirá
Al sonar de su nombre
Canto con gozo al mirar tu poder 
Por siempre yo te amaré y diré 
Incomparables promesas me das Señor. //
' point=18;42

DEBUG2019-06-14 00:18:15,054 [15]
Text creation 23 characters 640x340
Create text after 0ms
Wrapped text after 0ms
Drawn text after 0ms


DEBUG2019-06-14 00:18:15,054 [1]
Changed selected service item
Cleaned old item after 0ms
New item is of type FreeWorship.ServiceList.SongServiceItem
Generated new VM after 0ms
Set new VM after 0ms
Set background settings after 0ms
Finished changing item after 0ms

DEBUG2019-06-14 00:18:15,084 [15]
Text creation 23 characters 472,037647058823x250,77
Create text after 0ms
Wrapped text after 0ms
Drawn text after 0ms


DEBUG2019-06-14 00:18:15,094 [21]
Text creation 190 characters 472,037647058823x250,77
Create text after 0ms
Wrapped text after 0ms
Drawn text after 0ms


DEBUG2019-06-14 00:18:15,094 [26]
Text creation 190 characters 640x340
Create text after 0ms
Wrapped text after 0ms
Drawn text after 0ms


DEBUG2019-06-14 00:18:27,700 [26]
Text creation 238 characters 472,037647058823x250,77
Create text after 0ms
Wrapped text after 0ms
Drawn text after 0ms


DEBUG2019-06-14 00:18:27,715 [32]
Text creation 238 characters 640x340
Create text after 0ms
Wrapped text after 0ms
Drawn text after 0ms


DEBUG2019-06-14 00:30:32,678 [1]
Changed selected service item
Cleaned old item after 0ms
New item is of type FreeWorship.ServiceList.SongServiceItem
Generated new VM after 0ms
Set new VM after 0ms
Set background settings after 0ms
Finished changing item after 0ms

DEBUG2019-06-14 00:30:32,678 [26]
Text creation 29 characters 640x340
Create text after 0ms
Wrapped text after 0ms
Drawn text after 0ms


DEBUG2019-06-14 00:30:32,713 [27]
Text creation 29 characters 472,037647058823x250,77
Create text after 0ms
Wrapped text after 0ms
Drawn text after 0ms


DEBUG2019-06-14 00:30:32,718 [21]
Text creation 211 characters 640x340
Create text after 0ms
Wrapped text after 0ms
Drawn text after 0ms


DEBUG2019-06-14 00:30:32,718 [32]
Text creation 211 characters 472,037647058823x250,77
Create text after 0ms
Wrapped text after 0ms
Drawn text after 0ms


DEBUG2019-06-14 00:35:34,393 [1]
Changed selected service item
Cleaned old item after 0ms
New item is of type FreeWorship.ServiceList.SongServiceItem
Generated new VM after 0ms
Set new VM after 0ms
Set background settings after 0ms
Finished changing item after 0ms

DEBUG2019-06-14 00:35:34,393 [34]
Text creation 28 characters 640x340
Create text after 0ms
Wrapped text after 0ms
Drawn text after 0ms


DEBUG2019-06-14 00:35:34,398 [29]
Text creation 28 characters 472,037647058823x250,77
Create text after 0ms
Wrapped text after 0ms
Drawn text after 0ms


DEBUG2019-06-14 00:35:34,443 [9]
Text creation 257 characters 472,037647058823x250,77
Create text after 0ms
Wrapped text after 0ms
Drawn text after 0ms


DEBUG2019-06-14 00:35:34,453 [28]
Text creation 257 characters 640x340
Create text after 0ms
Wrapped text after 0ms
Drawn text after 0ms


DEBUG2019-06-14 00:44:20,432 [1]
Changed selected service item
Cleaned old item after 0ms
New item is of type FreeWorship.ServiceList.SongServiceItem
Generated new VM after 0ms
Set new VM after 0ms
Set background settings after 0ms
Finished changing item after 0ms

DEBUG2019-06-14 00:44:20,442 [32]
Text creation 50 characters 640x340
Create text after 0ms
Wrapped text after 0ms
Drawn text after 0ms


DEBUG2019-06-14 00:44:20,442 [9]
Text creation 19 characters 640x340
Create text after 0ms
Wrapped text after 0ms
Drawn text after 0ms


DEBUG2019-06-14 00:44:20,442 [24]
Text creation 19 characters 472,037647058823x250,77
Create text after 0ms
Wrapped text after 0ms
Drawn text after 0ms


DEBUG2019-06-14 00:44:20,442 [25]
Text creation 50 characters 472,037647058823x250,77
Create text after 0ms
Wrapped text after 0ms
Drawn text after 0ms


DEBUG2019-06-14 00:44:24,994 [32]
Text creation 106 characters 472,037647058823x250,77
Create text after 0ms
Wrapped text after 0ms
Drawn text after 0ms


DEBUG2019-06-14 00:44:24,994 [20]
Text creation 106 characters 640x340
Create text after 0ms
Wrapped text after 0ms
Drawn text after 0ms


DEBUG2019-06-14 00:44:34,929 [9]
Text creation 126 characters 640x340
Create text after 0ms
Wrapped text after 0ms
Drawn text after 0ms


DEBUG2019-06-14 00:44:34,929 [27]
Text creation 126 characters 472,037647058823x250,77
Create text after 0ms
Wrapped text after 0ms
Drawn text after 0ms


DEBUG2019-06-14 00:45:18,151 [25]
Text creation 18 characters 640x340
Create text after 0ms
Wrapped text after 0ms
Drawn text after 0ms


DEBUG2019-06-14 00:45:18,151 [27]
Text creation 12 characters 640x340
Create text after 0ms
Wrapped text after 0ms
Drawn text after 0ms


DEBUG2019-06-14 00:45:18,151 [1]
Changed selected service item
Cleaned old item after 0ms
New item is of type FreeWorship.ServiceList.SongServiceItem
Generated new VM after 0ms
Set new VM after 0ms
Set background settings after 0ms
Finished changing item after 0ms

DEBUG2019-06-14 00:45:18,151 [9]
Text creation 18 characters 472,037647058823x250,77
Create text after 0ms
Wrapped text after 0ms
Drawn text after 0ms


DEBUG2019-06-14 00:45:18,151 [27]
Text creation 12 characters 472,037647058823x250,77
Create text after 0ms
Wrapped text after 0ms
Drawn text after 0ms


DEBUG2019-06-14 00:45:19,416 [1]
Changed selected service item
Cleaned old item after 0ms
New item is of type FreeWorship.ServiceList.SongServiceItem
Generated new VM after 0ms
Set new VM after 0ms
Set background settings after 0ms
Finished changing item after 0ms

DEBUG2019-06-14 00:47:08,906 [1]
Changed selected service item
Cleaned old item after 0ms
New item is of type FreeWorship.ServiceList.SongServiceItem
Generated new VM after 0ms
Set new VM after 0ms
Set background settings after 0ms
Finished changing item after 0ms

DEBUG2019-06-14 00:52:05,016 [25]
Text creation 96 characters 640x340
Create text after 0ms
Wrapped text after 0ms
Drawn text after 0ms


DEBUG2019-06-14 00:52:05,016 [9]
Text creation 96 characters 472,037647058823x250,77
Create text after 0ms
Wrapped text after 0ms
Drawn text after 0ms


DEBUG2019-06-14 00:52:07,418 [32]
Text creation 55 characters 640x340
Create text after 0ms
Wrapped text after 0ms
Drawn text after 0ms


DEBUG2019-06-14 00:52:07,423 [27]
Text creation 55 characters 472,037647058823x250,77
Create text after 0ms
Wrapped text after 0ms
Drawn text after 0ms


DEBUG2019-06-14 00:52:08,657 [32]
Text creation 112 characters 472,037647058823x250,77
Create text after 0ms
Wrapped text after 0ms
Drawn text after 0ms


DEBUG2019-06-14 00:52:08,662 [25]
Text creation 112 characters 640x340
Create text after 0ms
Wrapped text after 0ms
Drawn text after 0ms


DEBUG2019-06-14 00:55:21,615 [1]
Changed selected service item
Cleaned old item after 0ms
New item is of type FreeWorship.ServiceList.SongServiceItem
Generated new VM after 0ms
Set new VM after 0ms
Set background settings after 0ms
Finished changing item after 0ms

DEBUG2019-06-14 00:55:21,635 [9]
Text creation 109 characters 640x340
Create text after 0ms
Wrapped text after 0ms
Drawn text after 0ms


DEBUG2019-06-14 00:55:21,640 [27]
Text creation 17 characters 472,037647058823x250,77
Create text after 0ms
Wrapped text after 0ms
Drawn text after 0ms


DEBUG2019-06-14 00:55:21,640 [7]
Text creation 17 characters 640x340
Create text after 0ms
Wrapped text after 0ms
Drawn text after 0ms


DEBUG2019-06-14 00:55:21,640 [21]
Text creation 109 characters 472,037647058823x250,77
Create text after 0ms
Wrapped text after 0ms
Drawn text after 0ms


DEBUG2019-06-14 00:55:29,672 [25]
Text creation 117 characters 472,037647058823x250,77
Create text after 0ms
Wrapped text after 0ms
Drawn text after 0ms


DEBUG2019-06-14 00:55:29,672 [21]
Text creation 117 characters 640x340
Create text after 0ms
Wrapped text after 0ms
Drawn text after 0ms


DEBUG2019-06-14 00:58:07,531 [1]
Changed selected service item
Cleaned old item after 0ms
New item is of type FreeWorship.ServiceList.SongServiceItem
Generated new VM after 0ms
Set new VM after 0ms
Set background settings after 0ms
Finished changing item after 0ms

DEBUG2019-06-14 00:58:07,536 [7]
Text creation 29 characters 640x340
Create text after 0ms
Wrapped text after 0ms
Drawn text after 0ms


DEBUG2019-06-14 00:58:07,541 [9]
Text creation 29 characters 472,037647058823x250,77
Create text after 0ms
Wrapped text after 0ms
Drawn text after 0ms


DEBUG2019-06-14 00:58:07,541 [29]
Text creation 93 characters 472,037647058823x250,77
Create text after 0ms
Wrapped text after 0ms
Drawn text after 0ms


DEBUG2019-06-14 00:58:07,546 [25]
Text creation 93 characters 640x340
Create text after 0ms
Wrapped text after 0ms
Drawn text after 0ms


DEBUG2019-06-14 00:58:15,850 [9]
Text creation 99 characters 472,037647058823x250,77
Create text after 0ms
Wrapped text after 0ms
Drawn text after 0ms


DEBUG2019-06-14 00:58:15,850 [7]
Text creation 99 characters 640x340
Create text after 0ms
Wrapped text after 0ms
Drawn text after 0ms


DEBUG2019-06-14 01:01:07,702 [1]
Changed selected service item
Cleaned old item after 0ms
New item is of type FreeWorship.ServiceList.SongServiceItem
Generated new VM after 0ms
Set new VM after 0ms
Set background settings after 0ms
Finished changing item after 0ms

DEBUG2019-06-14 01:01:07,702 [28]
Text creation 25 characters 640x340
Create text after 0ms
Wrapped text after 0ms
Drawn text after 0ms


DEBUG2019-06-14 01:01:07,727 [20]
Text creation 25 characters 472,037647058823x250,77
Create text after 0ms
Wrapped text after 0ms
Drawn text after 0ms


DEBUG2019-06-14 01:01:07,737 [24]
Text creation 153 characters 640x340
Create text after 0ms
Wrapped text after 0ms
Drawn text after 0ms


DEBUG2019-06-14 01:01:07,737 [9]
Text creation 153 characters 472,037647058823x250,77
Create text after 0ms
Wrapped text after 0ms
Drawn text after 0ms


DEBUG2019-06-14 01:01:22,517 [20]
Text creation 154 characters 640x340
Create text after 0ms
Wrapped text after 0ms
Drawn text after 0ms


DEBUG2019-06-14 01:01:22,522 [9]
Text creation 154 characters 472,037647058823x250,77
Create text after 0ms
Wrapped text after 0ms
Drawn text after 0ms


DEBUG2019-06-14 01:03:40,525 [1]
Changed selected service item
Cleaned old item after 0ms
New item is of type FreeWorship.ServiceList.SongServiceItem
Generated new VM after 0ms
Set new VM after 0ms
Set background settings after 0ms
Finished changing item after 0ms

DEBUG2019-06-14 01:03:40,540 [20]
Text creation 91 characters 640x340
Create text after 0ms
Wrapped text after 0ms
Drawn text after 0ms


DEBUG2019-06-14 01:03:40,540 [24]
Text creation 24 characters 640x340
Create text after 0ms
Wrapped text after 0ms
Drawn text after 0ms


DEBUG2019-06-14 01:03:40,540 [32]
Text creation 24 characters 472,037647058823x250,77
Create text after 0ms
Wrapped text after 0ms
Drawn text after 0ms


DEBUG2019-06-14 01:03:40,540 [9]
Text creation 91 characters 472,037647058823x250,77
Create text after 0ms
Wrapped text after 0ms
Drawn text after 0ms


DEBUG2019-06-14 01:03:43,361 [32]
Text creation 108 characters 472,037647058823x250,77
Create text after 0ms
Wrapped text after 0ms
Drawn text after 0ms


DEBUG2019-06-14 01:03:43,361 [34]
Text creation 108 characters 640x340
Create text after 0ms
Wrapped text after 0ms
Drawn text after 0ms


DEBUG2019-06-14 01:07:11,652 [1]
Changed selected service item
Cleaned old item after 0ms
New item is of type FreeWorship.ServiceList.SongServiceItem
Generated new VM after 0ms
Set new VM after 0ms
Set background settings after 0ms
Finished changing item after 0ms

DEBUG2019-06-14 01:07:11,676 [15]
Text creation 28 characters 640x340
Create text after 0ms
Wrapped text after 0ms
Drawn text after 0ms


DEBUG2019-06-14 01:07:11,681 [21]
Text creation 169 characters 472,037647058823x250,77
Create text after 0ms
Wrapped text after 0ms
Drawn text after 0ms


DEBUG2019-06-14 01:07:11,681 [27]
Text creation 28 characters 472,037647058823x250,77
Create text after 0ms
Wrapped text after 0ms
Drawn text after 0ms


DEBUG2019-06-14 01:07:11,686 [7]
Text creation 169 characters 640x340
Create text after 0ms
Wrapped text after 0ms
Drawn text after 0ms


DEBUG2019-06-14 01:07:23,074 [15]
Text creation 256 characters 640x340
Create text after 0ms
Wrapped text after 0ms
Drawn text after 0ms


DEBUG2019-06-14 01:07:23,084 [34]
Text creation 256 characters 472,037647058823x250,77
Create text after 0ms
Wrapped text after 0ms
Drawn text after 0ms


DEBUG2019-06-14 01:12:53,576 [24]
Text creation 21 characters 640x340
Create text after 0ms
Wrapped text after 0ms
Drawn text after 0ms


DEBUG2019-06-14 01:12:53,576 [1]
Changed selected service item
Cleaned old item after 0ms
New item is of type FreeWorship.ServiceList.SongServiceItem
Generated new VM after 0ms
Set new VM after 0ms
Set background settings after 0ms
Finished changing item after 0ms

DEBUG2019-06-14 01:12:53,576 [7]
Text creation 21 characters 472,037647058823x250,77
Create text after 0ms
Wrapped text after 0ms
Drawn text after 0ms


DEBUG2019-06-14 01:12:53,611 [32]
Text creation 176 characters 640x340
Create text after 0ms
Wrapped text after 0ms
Drawn text after 0ms


DEBUG2019-06-14 01:12:53,611 [20]
Text creation 176 characters 472,037647058823x250,77
Create text after 0ms
Wrapped text after 0ms
Drawn text after 0ms


DEBUG2019-06-14 01:12:57,820 [20]
Text creation 76 characters 640x340
Create text after 0ms
Wrapped text after 0ms
Drawn text after 0ms


DEBUG2019-06-14 01:12:57,820 [32]
Text creation 76 characters 472,037647058823x250,77
Create text after 0ms
Wrapped text after 0ms
Drawn text after 0ms


DEBUG2019-06-14 01:13:03,048 [32]
Text creation 181 characters 472,037647058823x250,77
Create text after 0ms
Wrapped text after 0ms
Drawn text after 0ms


DEBUG2019-06-14 01:13:03,048 [7]
Text creation 181 characters 640x340
Create text after 0ms
Wrapped text after 0ms
Drawn text after 0ms


DEBUG2019-06-14 01:16:05,556 [1]
Changed selected service item
Cleaned old item after 0ms
New item is of type FreeWorship.ServiceList.SongServiceItem
Generated new VM after 0ms
Set new VM after 0ms
Set background settings after 0ms
Finished changing item after 0ms

DEBUG2019-06-14 01:16:05,566 [15]
Text creation 22 characters 640x340
Create text after 0ms
Wrapped text after 0ms
Drawn text after 0ms


DEBUG2019-06-14 01:16:05,576 [32]
Text creation 88 characters 640x340
Create text after 0ms
Wrapped text after 0ms
Drawn text after 0ms


DEBUG2019-06-14 01:16:05,576 [27]
Text creation 22 characters 472,037647058823x250,77
Create text after 0ms
Wrapped text after 0ms
Drawn text after 0ms


DEBUG2019-06-14 01:16:05,576 [21]
Text creation 88 characters 472,037647058823x250,77
Create text after 0ms
Wrapped text after 0ms
Drawn text after 0ms


DEBUG2019-06-14 01:16:07,954 [9]
Text creation 61 characters 640x340
Create text after 0ms
Wrapped text after 0ms
Drawn text after 0ms


DEBUG2019-06-14 01:16:07,954 [32]
Text creation 61 characters 472,037647058823x250,77
Create text after 0ms
Wrapped text after 0ms
Drawn text after 0ms


DEBUG2019-06-14 01:21:23,623 [19]
Text creation 89 characters 472,037647058823x250,77
Create text after 0ms
Wrapped text after 0ms
Drawn text after 0ms


DEBUG2019-06-14 01:21:23,623 [32]
Text creation 89 characters 640x340
Create text after 0ms
Wrapped text after 0ms
Drawn text after 0ms


DEBUG2019-06-14 01:21:31,954 [32]
Text creation 62 characters 472,037647058823x250,77
Create text after 0ms
Wrapped text after 0ms
Drawn text after 0ms


DEBUG2019-06-14 01:21:31,954 [29]
Text creation 62 characters 640x340
Create text after 0ms
Wrapped text after 0ms
Drawn text after 0ms


DEBUG2019-06-14 01:21:36,944 [29]
Text creation 186 characters 472,037647058823x250,77
Create text after 0ms
Wrapped text after 0ms
Drawn text after 0ms


DEBUG2019-06-14 01:21:36,954 [20]
Text creation 186 characters 640x340
Create text after 0ms
Wrapped text after 0ms
Drawn text after 0ms


DEBUG2019-06-14 01:21:46,941 [29]
Text creation 189 characters 472,037647058823x250,77
Create text after 0ms
Wrapped text after 0ms
Drawn text after 0ms


DEBUG2019-06-14 01:21:46,941 [32]
Text creation 189 characters 640x340
Create text after 0ms
Wrapped text after 0ms
Drawn text after 0ms


DEBUG2019-06-14 01:26:25,044 [26]
Text creation 84 characters 640x340
Create text after 0ms
Wrapped text after 0ms
Drawn text after 0ms


DEBUG2019-06-14 01:26:25,049 [28]
Text creation 84 characters 472,037647058823x250,77
Create text after 0ms
Wrapped text after 0ms
Drawn text after 0ms


DEBUG2019-06-14 01:27:19,494 [1]
Changed selected service item
Cleaned old item after 0ms
New item is of type FreeWorship.ServiceList.SongServiceItem
Generated new VM after 0ms
Set new VM after 0ms
Set background settings after 0ms
Finished changing item after 0ms

DEBUG2019-06-14 01:27:19,509 [24]
Text creation 32 characters 640x340
Create text after 0ms
Wrapped text after 0ms
Drawn text after 0ms


DEBUG2019-06-14 01:27:19,514 [28]
Text creation 32 characters 472,037647058823x250,77
Create text after 0ms
Wrapped text after 0ms
Drawn text after 0ms


DEBUG2019-06-14 01:27:19,514 [29]
Text creation 123 characters 640x340
Create text after 0ms
Wrapped text after 0ms
Drawn text after 0ms


DEBUG2019-06-14 01:27:19,514 [26]
Text creation 123 characters 472,037647058823x250,77
Create text after 0ms
Wrapped text after 0ms
Drawn text after 0ms


DEBUG2019-06-14 01:27:22,024 [1]
Changed selected service item
Cleaned old item after 0ms
New item is of type FreeWorship.ServiceList.SongServiceItem
Generated new VM after 0ms
Set new VM after 0ms
Set background settings after 0ms
Finished changing item after 0ms

DEBUG2019-06-14 01:27:22,039 [26]
Text creation 23 characters 640x340
Create text after 0ms
Wrapped text after 0ms
Drawn text after 0ms


DEBUG2019-06-14 01:27:22,039 [24]
Text creation 23 characters 472,037647058823x250,77
Create text after 0ms
Wrapped text after 0ms
Drawn text after 0ms


DEBUG2019-06-14 01:27:22,039 [29]
Text creation 100 characters 640x340
Create text after 0ms
Wrapped text after 0ms
Drawn text after 0ms


DEBUG2019-06-14 01:27:22,054 [28]
Text creation 100 characters 472,037647058823x250,77
Create text after 0ms
Wrapped text after 0ms
Drawn text after 0ms


DEBUG2019-06-14 01:27:24,059 [1]
Changed selected service item
Cleaned old item after 0ms
New item is of type FreeWorship.ServiceList.SongServiceItem
Generated new VM after 0ms
Set new VM after 0ms
Set background settings after 0ms
Finished changing item after 0ms

DEBUG2019-06-14 01:27:24,079 [7]
Text creation 26 characters 472,037647058823x250,77
Create text after 0ms
Wrapped text after 0ms
Drawn text after 0ms


DEBUG2019-06-14 01:27:24,079 [29]
Text creation 26 characters 640x340
Create text after 0ms
Wrapped text after 0ms
Drawn text after 0ms


DEBUG2019-06-14 01:27:24,079 [24]
Text creation 101 characters 472,037647058823x250,77
Create text after 0ms
Wrapped text after 0ms
Drawn text after 0ms


DEBUG2019-06-14 01:27:24,079 [28]
Text creation 101 characters 640x340
Create text after 0ms
Wrapped text after 0ms
Drawn text after 0ms


DEBUG2019-06-14 01:27:25,542 [7]
Text creation 13 characters 640x340
Create text after 0ms
Wrapped text after 0ms
Drawn text after 0ms


DEBUG2019-06-14 01:27:25,547 [1]
Changed selected service item
Cleaned old item after 0ms
New item is of type FreeWorship.ServiceList.SongServiceItem
Generated new VM after 0ms
Set new VM after 0ms
Set background settings after 0ms
Finished changing item after 0ms

DEBUG2019-06-14 01:27:25,562 [28]
Text creation 13 characters 472,037647058823x250,77
Create text after 0ms
Wrapped text after 0ms
Drawn text after 0ms


DEBUG2019-06-14 01:27:25,567 [24]
Text creation 135 characters 472,037647058823x250,77
Create text after 0ms
Wrapped text after 0ms
Drawn text after 0ms


DEBUG2019-06-14 01:27:25,582 [29]
Text creation 135 characters 640x340
Create text after 0ms
Wrapped text after 0ms
Drawn text after 0ms


DEBUG2019-06-14 01:27:26,753 [1]
Changed selected service item
Cleaned old item after 0ms
New item is of type FreeWorship.ServiceList.SongServiceItem
Generated new VM after 0ms
Set new VM after 0ms
Set background settings after 0ms
Finished changing item after 0ms

DEBUG2019-06-14 01:27:26,753 [29]
Text creation 33 characters 640x340
Create text after 0ms
Wrapped text after 0ms
Drawn text after 0ms


DEBUG2019-06-14 01:27:26,758 [28]
Text creation 33 characters 472,037647058823x250,77
Create text after 0ms
Wrapped text after 0ms
Drawn text after 0ms


DEBUG2019-06-14 01:27:26,818 [24]
Text creation 235 characters 472,037647058823x250,77
Create text after 0ms
Wrapped text after 0ms
Drawn text after 0ms


DEBUG2019-06-14 01:27:26,818 [7]
Text creation 235 characters 640x340
Create text after 0ms
Wrapped text after 0ms
Drawn text after 0ms


DEBUG2019-06-14 01:27:28,839 [1]
Changed selected service item
Cleaned old item after 0ms
New item is of type FreeWorship.ServiceList.SongServiceItem
Generated new VM after 0ms
Set new VM after 0ms
Set background settings after 0ms
Finished changing item after 0ms

DEBUG2019-06-14 01:27:28,839 [7]
Text creation 26 characters 640x340
Create text after 0ms
Wrapped text after 0ms
Drawn text after 0ms


DEBUG2019-06-14 01:27:28,839 [24]
Text creation 61 characters 640x340
Create text after 0ms
Wrapped text after 0ms
Drawn text after 0ms


DEBUG2019-06-14 01:27:28,844 [29]
Text creation 26 characters 472,037647058823x250,77
Create text after 0ms
Wrapped text after 0ms
Drawn text after 0ms


DEBUG2019-06-14 01:27:28,844 [28]
Text creation 61 characters 472,037647058823x250,77
Create text after 0ms
Wrapped text after 0ms
Drawn text after 0ms


DEBUG2019-06-14 01:27:30,326 [1]
Changed selected service item
Cleaned old item after 0ms
New item is of type FreeWorship.ServiceList.SongServiceItem
Generated new VM after 0ms
Set new VM after 0ms
Set background settings after 0ms
Finished changing item after 0ms

DEBUG2019-06-14 01:27:30,351 [24]
Text creation 30 characters 640x340
Create text after 0ms
Wrapped text after 0ms
Drawn text after 0ms


DEBUG2019-06-14 01:27:30,356 [28]
Text creation 30 characters 472,037647058823x250,77
Create text after 0ms
Wrapped text after 0ms
Drawn text after 0ms


DEBUG2019-06-14 01:27:30,361 [29]
Text creation 174 characters 472,037647058823x250,77
Create text after 0ms
Wrapped text after 0ms
Drawn text after 0ms


DEBUG2019-06-14 01:27:30,381 [7]
Text creation 174 characters 640x340
Create text after 0ms
Wrapped text after 0ms
Drawn text after 0ms


DEBUG2019-06-14 01:27:32,136 [29]
Text creation 14 characters 640x340
Create text after 0ms
Wrapped text after 0ms
Drawn text after 0ms


DEBUG2019-06-14 01:27:32,136 [1]
Changed selected service item
Cleaned old item after 0ms
New item is of type FreeWorship.ServiceList.SongServiceItem
Generated new VM after 0ms
Set new VM after 0ms
Set background settings after 0ms
Finished changing item after 0ms

DEBUG2019-06-14 01:27:32,141 [7]
Text creation 14 characters 472,037647058823x250,77
Create text after 0ms
Wrapped text after 0ms
Drawn text after 0ms


DEBUG2019-06-14 01:27:32,176 [28]
Text creation 179 characters 640x340
Create text after 0ms
Wrapped text after 0ms
Drawn text after 0ms


DEBUG2019-06-14 01:27:32,176 [24]
Text creation 179 characters 472,037647058823x250,77
Create text after 0ms
Wrapped text after 0ms
Drawn text after 0ms


DEBUG2019-06-14 01:27:35,192 [32]
Text creation 29 characters 640x340
Create text after 0ms
Wrapped text after 0ms
Drawn text after 0ms


DEBUG2019-06-14 01:27:35,192 [1]
Changed selected service item
Cleaned old item after 0ms
New item is of type FreeWorship.ServiceList.SongServiceItem
Generated new VM after 0ms
Set new VM after 0ms
Set background settings after 0ms
Finished changing item after 0ms

DEBUG2019-06-14 01:27:35,222 [7]
Text creation 166 characters 640x340
Create text after 0ms
Wrapped text after 0ms
Drawn text after 0ms


DEBUG2019-06-14 01:27:35,222 [29]
Text creation 29 characters 472,037647058823x250,77
Create text after 0ms
Wrapped text after 0ms
Drawn text after 0ms


DEBUG2019-06-14 01:27:35,222 [28]
Text creation 166 characters 472,037647058823x250,77
Create text after 0ms
Wrapped text after 0ms
Drawn text after 0ms


DEBUG2019-06-14 01:27:36,128 [1]
Changed selected service item
Cleaned old item after 0ms
New item is of type FreeWorship.ServiceList.SongServiceItem
Generated new VM after 0ms
Set new VM after 0ms
Set background settings after 0ms
Finished changing item after 0ms

DEBUG2019-06-14 01:27:36,148 [24]
Text creation 30 characters 640x340
Create text after 0ms
Wrapped text after 0ms
Drawn text after 0ms


DEBUG2019-06-14 01:27:36,153 [26]
Text creation 30 characters 472,037647058823x250,77
Create text after 0ms
Wrapped text after 0ms
Drawn text after 0ms


DEBUG2019-06-14 01:27:36,153 [28]
Text creation 164 characters 472,037647058823x250,77
Create text after 0ms
Wrapped text after 0ms
Drawn text after 0ms


DEBUG2019-06-14 01:27:36,168 [7]
Text creation 164 characters 640x340
Create text after 0ms
Wrapped text after 0ms
Drawn text after 0ms


DEBUG2019-06-14 01:27:37,576 [1]
Changed selected service item
Cleaned old item after 0ms
New item is of type FreeWorship.ServiceList.SongServiceItem
Generated new VM after 0ms
Set new VM after 0ms
Set background settings after 0ms
Finished changing item after 0ms

DEBUG2019-06-14 01:27:37,606 [28]
Text creation 19 characters 640x340
Create text after 0ms
Wrapped text after 0ms
Drawn text after 0ms


DEBUG2019-06-14 01:27:37,606 [7]
Text creation 19 characters 472,037647058823x250,77
Create text after 0ms
Wrapped text after 0ms
Drawn text after 0ms


DEBUG2019-06-14 01:27:37,606 [26]
Text creation 157 characters 472,037647058823x250,77
Create text after 0ms
Wrapped text after 0ms
Drawn text after 0ms


DEBUG2019-06-14 01:27:37,606 [24]
Text creation 157 characters 640x340
Create text after 0ms
Wrapped text after 0ms
Drawn text after 0ms


DEBUG2019-06-14 01:27:39,225 [1]
Changed selected service item
Cleaned old item after 0ms
New item is of type FreeWorship.ServiceList.SongServiceItem
Generated new VM after 0ms
Set new VM after 0ms
Set background settings after 0ms
Finished changing item after 0ms

DEBUG2019-06-14 01:27:39,235 [24]
Text creation 20 characters 640x340
Create text after 0ms
Wrapped text after 0ms
Drawn text after 0ms


DEBUG2019-06-14 01:27:39,235 [29]
Text creation 20 characters 472,037647058823x250,77
Create text after 0ms
Wrapped text after 0ms
Drawn text after 0ms


DEBUG2019-06-14 01:27:39,240 [7]
Text creation 85 characters 472,037647058823x250,77
Create text after 0ms
Wrapped text after 0ms
Drawn text after 0ms


DEBUG2019-06-14 01:27:39,240 [28]
Text creation 85 characters 640x340
Create text after 0ms
Wrapped text after 0ms
Drawn text after 0ms


DEBUG2019-06-14 01:27:40,493 [1]
Changed selected service item
Cleaned old item after 0ms
New item is of type FreeWorship.ServiceList.SongServiceItem
Generated new VM after 0ms
Set new VM after 0ms
Set background settings after 0ms
Finished changing item after 0ms

DEBUG2019-06-14 01:27:40,503 [28]
Text creation 19 characters 640x340
Create text after 0ms
Wrapped text after 0ms
Drawn text after 0ms


DEBUG2019-06-14 01:27:40,513 [24]
Text creation 19 characters 472,037647058823x250,77
Create text after 0ms
Wrapped text after 0ms
Drawn text after 0ms


DEBUG2019-06-14 01:27:40,513 [26]
Text creation 98 characters 640x340
Create text after 0ms
Wrapped text after 0ms
Drawn text after 0ms


DEBUG2019-06-14 01:27:40,513 [29]
Text creation 98 characters 472,037647058823x250,77
Create text after 0ms
Wrapped text after 0ms
Drawn text after 0ms


DEBUG2019-06-14 01:27:42,677 [32]
Text creation 167 characters 472,037647058823x250,77
Create text after 0ms
Wrapped text after 0ms
Drawn text after 0ms


DEBUG2019-06-14 01:27:42,677 [29]
Text creation 167 characters 640x340
Create text after 0ms
Wrapped text after 0ms
Drawn text after 0ms


DEBUG2019-06-14 01:27:44,755 [1]
Changed selected service item
Cleaned old item after 8ms
New item is of type FreeWorship.ServiceList.SongServiceItem
Generated new VM after 9ms
Set new VM after 9ms
Set background settings after 9ms
Finished changing item after 9ms

DEBUG2019-06-14 01:27:44,775 [7]
Text creation 25 characters 640x340
Create text after 0ms
Wrapped text after 0ms
Drawn text after 0ms


DEBUG2019-06-14 01:27:44,775 [24]
Text creation 25 characters 472,037647058823x250,77
Create text after 0ms
Wrapped text after 0ms
Drawn text after 0ms


DEBUG2019-06-14 01:27:44,775 [28]
Text creation 163 characters 640x340
Create text after 0ms
Wrapped text after 0ms
Drawn text after 0ms


DEBUG2019-06-14 01:27:44,780 [29]
Text creation 163 characters 472,037647058823x250,77
Create text after 0ms
Wrapped text after 0ms
Drawn text after 0ms


DEBUG2019-06-14 01:27:46,368 [1]
Changed selected service item
Cleaned old item after 0ms
New item is of type FreeWorship.ServiceList.SongServiceItem
Generated new VM after 0ms
Set new VM after 0ms
Set background settings after 0ms
Finished changing item after 0ms

DEBUG2019-06-14 01:27:46,378 [29]
Text creation 15 characters 640x340
Create text after 0ms
Wrapped text after 0ms
Drawn text after 0ms


DEBUG2019-06-14 01:27:46,383 [24]
Text creation 15 characters 472,037647058823x250,77
Create text after 0ms
Wrapped text after 0ms
Drawn text after 0ms


DEBUG2019-06-14 01:27:46,383 [28]
Text creation 94 characters 640x340
Create text after 0ms
Wrapped text after 0ms
Drawn text after 0ms


DEBUG2019-06-14 01:27:46,383 [7]
Text creation 94 characters 472,037647058823x250,77
Create text after 0ms
Wrapped text after 0ms
Drawn text after 0ms


DEBUG2019-06-14 01:27:47,185 [1]
Changed selected service item
Cleaned old item after 0ms
New item is of type FreeWorship.ServiceList.SongServiceItem
Generated new VM after 0ms
Set new VM after 0ms
Set background settings after 0ms
Finished changing item after 0ms

DEBUG2019-06-14 01:27:47,210 [28]
Text creation 24 characters 640x340
Create text after 0ms
Wrapped text after 0ms
Drawn text after 0ms


DEBUG2019-06-14 01:27:47,210 [29]
Text creation 24 characters 472,037647058823x250,77
Create text after 0ms
Wrapped text after 0ms
Drawn text after 0ms


DEBUG2019-06-14 01:27:47,210 [24]
Text creation 149 characters 472,037647058823x250,77
Create text after 0ms
Wrapped text after 0ms
Drawn text after 0ms


DEBUG2019-06-14 01:27:47,215 [7]
Text creation 149 characters 640x340
Create text after 0ms
Wrapped text after 0ms
Drawn text after 0ms


DEBUG2019-06-14 01:27:48,212 [7]
Text creation 26 characters 640x340
Create text after 0ms
Wrapped text after 0ms
Drawn text after 0ms


DEBUG2019-06-14 01:27:48,212 [1]
Changed selected service item
Cleaned old item after 0ms
New item is of type FreeWorship.ServiceList.SongServiceItem
Generated new VM after 0ms
Set new VM after 0ms
Set background settings after 0ms
Finished changing item after 0ms

DEBUG2019-06-14 01:27:48,242 [26]
Text creation 26 characters 472,037647058823x250,77
Create text after 0ms
Wrapped text after 0ms
Drawn text after 0ms


DEBUG2019-06-14 01:27:48,257 [7]
Text creation 193 characters 472,037647058823x250,77
Create text after 0ms
Wrapped text after 0ms
Drawn text after 0ms


DEBUG2019-06-14 01:27:48,257 [24]
Text creation 193 characters 640x340
Create text after 0ms
Wrapped text after 0ms
Drawn text after 0ms


DEBUG2019-06-14 01:27:49,595 [1]
Changed selected service item
Cleaned old item after 0ms
New item is of type FreeWorship.ServiceList.SongServiceItem
Generated new VM after 0ms
Set new VM after 0ms
Set background settings after 0ms
Finished changing item after 0ms

DEBUG2019-06-14 01:27:51,011 [32]
Text creation 260 characters 472,037647058823x250,77
Create text after 0ms
Wrapped text after 0ms
Drawn text after 0ms


DEBUG2019-06-14 01:27:51,011 [29]
Text creation 260 characters 640x340
Create text after 0ms
Wrapped text after 0ms
Drawn text after 0ms


DEBUG2019-06-14 01:28:03,778 [1]
Changed selected service item
Cleaned old item after 0ms
New item is of type FreeWorship.ServiceList.SongServiceItem
Generated new VM after 0ms
Set new VM after 0ms
Set background settings after 0ms
Finished changing item after 0ms

DEBUG2019-06-14 01:28:03,793 [28]
Text creation 22 characters 640x340
Create text after 0ms
Wrapped text after 0ms
Drawn text after 0ms


DEBUG2019-06-14 01:28:03,793 [29]
Text creation 22 characters 472,037647058823x250,77
Create text after 0ms
Wrapped text after 0ms
Drawn text after 0ms


DEBUG2019-06-14 01:28:03,798 [25]
Text creation 89 characters 640x340
Create text after 0ms
Wrapped text after 0ms
Drawn text after 0ms


DEBUG2019-06-14 01:28:03,803 [32]
Text creation 89 characters 472,037647058823x250,77
Create text after 0ms
Wrapped text after 0ms
Drawn text after 0ms


INFO 2019-06-14 01:28:16,331 [1]
Saving service list to C:\Users\Febe\Downloads\FreeWorshipPortable_3.4.2.171\CONFERENCIAS.fws

INFO 2019-06-14 01:28:16,442 [1]
Settings written to disk

INFO 2019-06-14 01:28:16,442 [1]
View closed

DEBUG2019-06-14 01:28:19,145 [1]
Closing 0 open presentations

DEBUG2019-06-14 01:28:19,145 [1]
Finished closing all open presentations

INFO 2019-06-14 01:28:19,223 [1]
Closing PowerPoint

INFO 2019-06-14 01:28:23,113 [1]
FreeWorship closed
-------------------------------------

WARN 2019-06-14 01:28:25,956 [23]
Could not save screenshot - System.Runtime.InteropServices.ExternalException: Error genérico en GDI+.

ERROR2019-06-14 01:28:26,659 [23]
System.Threading.Tasks.TaskCanceledException: Se canceló una tarea.
   en System.Runtime.CompilerServices.TaskAwaiter.ThrowForNonSuccess(Task task)
   en System.Runtime.CompilerServices.TaskAwaiter.HandleNonSuccessAndDebuggerNotification(Task task)
   en System.Windows.Threading.DispatcherOperation.Wait(TimeSpan timeout)
   en System.Windows.Threading.Dispatcher.InvokeImpl(DispatcherOperation operation, CancellationToken cancellationToken, TimeSpan timeout)
   en System.Windows.Threading.Dispatcher.Invoke(Action callback, DispatcherPriority priority, CancellationToken cancellationToken, TimeSpan timeout)
   en System.Windows.Threading.Dispatcher.Invoke(Action callback)
   en System.IO.FileSystemWatcher.OnChanged(FileSystemEventArgs e)
   en System.IO.FileSystemWatcher.CompletionStatusChanged(UInt32 errorCode, UInt32 numBytes, NativeOverlapped* overlappedPointer)
   en System.Threading._IOCompletionCallback.PerformIOCompletionCallback(UInt32 errorCode, UInt32 numBytes, NativeOverlapped* pOVERLAP)

ERROR2019-06-14 01:28:26,659 [20]
System.Threading.Tasks.TaskCanceledException: Se canceló una tarea.
   en System.Runtime.CompilerServices.TaskAwaiter.ThrowForNonSuccess(Task task)
   en System.Runtime.CompilerServices.TaskAwaiter.HandleNonSuccessAndDebuggerNotification(Task task)
   en System.Windows.Threading.DispatcherOperation.Wait(TimeSpan timeout)
   en System.Windows.Threading.Dispatcher.InvokeImpl(DispatcherOperation operation, CancellationToken cancellationToken, TimeSpan timeout)
   en System.Windows.Threading.Dispatcher.Invoke(Action callback, DispatcherPriority priority, CancellationToken cancellationToken, TimeSpan timeout)
   en System.Windows.Threading.Dispatcher.Invoke(Action callback)
   en System.IO.FileSystemWatcher.OnChanged(FileSystemEventArgs e)
   en System.IO.FileSystemWatcher.CompletionStatusChanged(UInt32 errorCode, UInt32 numBytes, NativeOverlapped* overlappedPointer)
   en System.Threading._IOCompletionCallback.PerformIOCompletionCallback(UInt32 errorCode, UInt32 numBytes, NativeOverlapped* pOVERLAP)

INFO 2019-06-14 13:30:16,807 [1]
+++++++++++++++++++++++++++++++++++++
FreeWorship Version: 3.4.2 x64
Windows OS Version:10 Home Single Language 64-bit
Sys Mem:3969MB

DEBUG2019-06-14 13:30:17,134 [1]
Starting new Icon generation thread ThumbGen6050

INFO 2019-06-14 13:30:23,118 [1]
Created Win8.1/Win10 spell checker

INFO 2019-06-14 13:30:28,569 [1]
Succesfully started PowerPoint 2016

DEBUG2019-06-14 13:30:29,808 [1]
Presentation window's handle is 66524

INFO 2019-06-14 13:30:33,810 [1]
Loaded Chrome Embedded Framework

INFO 2019-06-14 13:30:40,939 [1]
Initialised Chrome Embedded Framework

INFO 2019-06-14 13:30:41,503 [1]
Failed to load the following font: No se puede convertir FontFamilyConverter desde System.String.

INFO 2019-06-14 13:30:42,476 [1]
Failed to load the following font:HelveticaNeueLT Std 

INFO 2019-06-14 13:30:42,477 [1]
Failed to load the following font:HelveticaNeueLT Std Blk 

INFO 2019-06-14 13:30:42,477 [1]
Failed to load the following font:HelveticaNeueLT Std Cn 

INFO 2019-06-14 13:30:42,477 [1]
Failed to load the following font:HelveticaNeueLT Std Lt 

INFO 2019-06-14 13:30:42,969 [1]
Loaded 173 fonts successfully and failed to load the following fonts:

INFO 2019-06-14 13:30:43,081 [1]
There are errors to report

INFO 2019-06-14 13:30:48,347 [1]
Songs Database loaded with 587 items

INFO 2019-06-14 13:30:49,722 [1]
Bibles Database loaded with 3 items

INFO 2019-06-14 13:30:50,046 [1]
Slides Database loaded with 5 items

DEBUG2019-06-14 13:30:53,838 [1]
Opening folder '' in file browser

DEBUG2019-06-14 13:30:53,840 [1]
Opening folder '' in file browser

DEBUG2019-06-14 13:30:53,847 [1]
Opening folder 'C:\Users\Febe\Downloads' in file browser

INFO 2019-06-14 13:30:54,615 [1]
Notification Added: It looks like you haven't set up your screens correctly. Would you like FreeWorship to do it for you?

ERROR2019-06-14 13:30:55,374 [1]
Could not report error, server rejected it System.Net.WebException: No se puede resolver el nombre remoto: 'www.freeworship.org.uk'
   en System.Net.HttpWebRequest.EndGetRequestStream(IAsyncResult asyncResult, TransportContext& context)
   en System.Net.HttpWebRequest.EndGetRequestStream(IAsyncResult asyncResult)
   en System.Net.WebClient.UploadBitsRequestCallback(IAsyncResult result)

DEBUG2019-06-14 13:38:27,571 [1]
Changed selected service item
Cleaned old item after 0ms
New item is of type FreeWorship.ServiceList.SongServiceItem
Generated new VM after 144ms
Set new VM after 144ms
Set background settings after 410ms
Finished changing item after 410ms

DEBUG2019-06-14 13:38:28,940 [18]
Text creation 110 characters 640x340
Create text after 0ms
Wrapped text after 0ms
Drawn text after 0ms


DEBUG2019-06-14 13:38:28,940 [13]
Text creation 35 characters 640x340
Create text after 0ms
Wrapped text after 0ms
Drawn text after 0ms


DEBUG2019-06-14 13:38:28,940 [24]
Text creation 110 characters 472,037647058823x250,77
Create text after 0ms
Wrapped text after 0ms
Drawn text after 0ms


DEBUG2019-06-14 13:38:28,940 [16]
Text creation 35 characters 472,037647058823x250,77
Create text after 0ms
Wrapped text after 0ms
Drawn text after 0ms


DEBUG2019-06-14 13:44:24,069 [1]
Changed selected service item
Cleaned old item after 2ms
New item is of type FreeWorship.ServiceList.SongServiceItem
Generated new VM after 2ms
Set new VM after 2ms
Set background settings after 2ms
Finished changing item after 2ms

DEBUG2019-06-14 13:44:24,199 [24]
Text creation 22 characters 472,037647058823x250,77
Create text after 0ms
Wrapped text after 0ms
Drawn text after 0ms


DEBUG2019-06-14 13:44:24,204 [18]
Text creation 22 characters 640x340
Create text after 0ms
Wrapped text after 0ms
Drawn text after 0ms


DEBUG2019-06-14 13:44:24,204 [21]
Text creation 122 characters 472,037647058823x250,77
Create text after 0ms
Wrapped text after 0ms
Drawn text after 0ms


DEBUG2019-06-14 13:44:24,204 [19]
Text creation 122 characters 640x340
Create text after 0ms
Wrapped text after 0ms
Drawn text after 0ms


DEBUG2019-06-14 13:45:38,114 [21]
Text creation 77 characters 640x340
Create text after 0ms
Wrapped text after 0ms
Drawn text after 0ms


DEBUG2019-06-14 13:45:38,114 [20]
Text creation 77 characters 472,037647058823x250,77
Create text after 0ms
Wrapped text after 0ms
Drawn text after 0ms


DEBUG2019-06-14 13:47:54,214 [1]
Changed selected service item
Cleaned old item after 0ms
New item is of type FreeWorship.ServiceList.SongServiceItem
Generated new VM after 0ms
Set new VM after 0ms
Set background settings after 0ms
Finished changing item after 0ms

DEBUG2019-06-14 13:54:53,073 [21]
Text creation 28 characters 640x340
Create text after 0ms
Wrapped text after 0ms
Drawn text after 0ms


DEBUG2019-06-14 13:54:53,078 [19]
Text creation 28 characters 472,037647058823x250,77
Create text after 0ms
Wrapped text after 0ms
Drawn text after 0ms


DEBUG2019-06-14 13:54:53,078 [25]
Text creation 103 characters 640x340
Create text after 0ms
Wrapped text after 0ms
Drawn text after 0ms


DEBUG2019-06-14 13:54:53,078 [26]
Text creation 103 characters 472,037647058823x250,77
Create text after 0ms
Wrapped text after 0ms
Drawn text after 0ms


DEBUG2019-06-14 13:54:55,686 [26]
Text creation 228 characters 472,037647058823x250,77
Create text after 0ms
Wrapped text after 0ms
Drawn text after 0ms


DEBUG2019-06-14 13:54:55,716 [18]
Text creation 228 characters 640x340
Create text after 0ms
Wrapped text after 0ms
Drawn text after 0ms


DEBUG2019-06-14 14:03:46,453 [1]
Changed selected service item
Cleaned old item after 0ms
New item is of type FreeWorship.ServiceList.SongServiceItem
Generated new VM after 0ms
Set new VM after 0ms
Set background settings after 0ms
Finished changing item after 0ms

DEBUG2019-06-14 14:03:46,468 [21]
Text creation 29 characters 640x340
Create text after 0ms
Wrapped text after 0ms
Drawn text after 0ms


DEBUG2019-06-14 14:03:46,468 [5]
Text creation 29 characters 472,037647058823x250,77
Create text after 0ms
Wrapped text after 0ms
Drawn text after 0ms


DEBUG2019-06-14 14:03:46,468 [13]
Text creation 94 characters 472,037647058823x250,77
Create text after 0ms
Wrapped text after 0ms
Drawn text after 0ms


DEBUG2019-06-14 14:03:46,473 [16]
Text creation 94 characters 640x340
Create text after 0ms
Wrapped text after 0ms
Drawn text after 0ms


DEBUG2019-06-14 14:03:52,922 [16]
Text creation 236 characters 640x340
Create text after 0ms
Wrapped text after 0ms
Drawn text after 0ms


DEBUG2019-06-14 14:03:52,922 [18]
Text creation 236 characters 472,037647058823x250,77
Create text after 0ms
Wrapped text after 0ms
Drawn text after 0ms


DEBUG2019-06-14 14:04:08,138 [16]
Text creation 184 characters 640x340
Create text after 0ms
Wrapped text after 0ms
Drawn text after 0ms


DEBUG2019-06-14 14:04:08,138 [18]
Text creation 184 characters 472,037647058823x250,77
Create text after 0ms
Wrapped text after 0ms
Drawn text after 0ms


DEBUG2019-06-14 14:04:36,968 [15]
Text creation 262 characters 472,037647058823x250,77
Create text after 0ms
Wrapped text after 0ms
Drawn text after 0ms


DEBUG2019-06-14 14:04:36,968 [9]
Text creation 262 characters 640x340
Create text after 0ms
Wrapped text after 0ms
Drawn text after 0ms


DEBUG2019-06-14 14:17:07,567 [1]
Changed selected service item
Cleaned old item after 0ms
New item is of type FreeWorship.ServiceList.SongServiceItem
Generated new VM after 0ms
Set new VM after 0ms
Set background settings after 0ms
Finished changing item after 0ms

DEBUG2019-06-14 14:17:07,567 [7]
Text creation 23 characters 640x340
Create text after 0ms
Wrapped text after 0ms
Drawn text after 0ms


DEBUG2019-06-14 14:17:07,572 [21]
Text creation 23 characters 472,037647058823x250,77
Create text after 0ms
Wrapped text after 0ms
Drawn text after 0ms


DEBUG2019-06-14 14:17:07,572 [9]
Text creation 51 characters 472,037647058823x250,77
Create text after 0ms
Wrapped text after 0ms
Drawn text after 0ms


DEBUG2019-06-14 14:17:07,577 [25]
Text creation 51 characters 640x340
Create text after 0ms
Wrapped text after 0ms
Drawn text after 0ms


DEBUG2019-06-14 14:17:29,414 [9]
Text creation 127 characters 640x340
Create text after 0ms
Wrapped text after 0ms
Drawn text after 0ms


DEBUG2019-06-14 14:17:29,414 [19]
Text creation 127 characters 472,037647058823x250,77
Create text after 0ms
Wrapped text after 0ms
Drawn text after 0ms


DEBUG2019-06-14 14:17:44,688 [15]
Text creation 127 characters 640x340
Create text after 0ms
Wrapped text after 0ms
Drawn text after 0ms


DEBUG2019-06-14 14:17:44,688 [19]
Text creation 127 characters 472,037647058823x250,77
Create text after 0ms
Wrapped text after 0ms
Drawn text after 0ms


DEBUG2019-06-14 14:20:55,313 [1]
Changed selected service item
Cleaned old item after 0ms
New item is of type FreeWorship.ServiceList.SongServiceItem
Generated new VM after 0ms
Set new VM after 0ms
Set background settings after 0ms
Finished changing item after 0ms

DEBUG2019-06-14 14:20:55,323 [16]
Text creation 21 characters 640x340
Create text after 0ms
Wrapped text after 0ms
Drawn text after 0ms


DEBUG2019-06-14 14:20:55,323 [22]
Text creation 70 characters 640x340
Create text after 0ms
Wrapped text after 0ms
Drawn text after 0ms


DEBUG2019-06-14 14:20:55,323 [24]
Text creation 21 characters 472,037647058823x250,77
Create text after 0ms
Wrapped text after 0ms
Drawn text after 0ms


DEBUG2019-06-14 14:20:55,328 [5]
Text creation 70 characters 472,037647058823x250,77
Create text after 0ms
Wrapped text after 0ms
Drawn text after 0ms


DEBUG2019-06-14 14:21:00,607 [16]
Text creation 120 characters 472,037647058823x250,77
Create text after 0ms
Wrapped text after 0ms
Drawn text after 0ms


DEBUG2019-06-14 14:21:00,607 [24]
Text creation 120 characters 640x340
Create text after 0ms
Wrapped text after 0ms
Drawn text after 0ms


DEBUG2019-06-14 14:34:31,372 [1]
Changed selected service item
Cleaned old item after 0ms
New item is of type FreeWorship.ServiceList.SongServiceItem
Generated new VM after 0ms
Set new VM after 0ms
Set background settings after 0ms
Finished changing item after 0ms

DEBUG2019-06-14 14:34:31,397 [5]
Text creation 34 characters 640x340
Create text after 0ms
Wrapped text after 0ms
Drawn text after 0ms


DEBUG2019-06-14 14:34:31,402 [16]
Text creation 158 characters 640x340
Create text after 0ms
Wrapped text after 0ms
Drawn text after 0ms


DEBUG2019-06-14 14:34:31,402 [22]
Text creation 34 characters 472,037647058823x250,77
Create text after 0ms
Wrapped text after 0ms
Drawn text after 0ms


DEBUG2019-06-14 14:34:31,407 [20]
Text creation 158 characters 472,037647058823x250,77
Create text after 0ms
Wrapped text after 0ms
Drawn text after 0ms


DEBUG2019-06-14 14:34:43,502 [22]
Text creation 70 characters 472,037647058823x250,77
Create text after 0ms
Wrapped text after 0ms
Drawn text after 0ms


DEBUG2019-06-14 14:34:43,502 [9]
Text creation 70 characters 640x340
Create text after 0ms
Wrapped text after 0ms
Drawn text after 0ms


DEBUG2019-06-14 14:34:46,684 [5]
Text creation 149 characters 640x340
Create text after 0ms
Wrapped text after 0ms
Drawn text after 0ms


DEBUG2019-06-14 14:34:46,684 [21]
Text creation 149 characters 472,037647058823x250,77
Create text after 0ms
Wrapped text after 0ms
Drawn text after 0ms


DEBUG2019-06-14 14:34:53,305 [20]
Text creation 233 characters 472,037647058823x250,77
Create text after 0ms
Wrapped text after 0ms
Drawn text after 0ms


DEBUG2019-06-14 14:34:53,320 [9]
Text creation 233 characters 640x340
Create text after 0ms
Wrapped text after 0ms
Drawn text after 0ms


INFO 2019-06-14 14:35:23,946 [1]
Saving service list to C:\Users\Febe\Downloads\FreeWorshipPortable_3.4.2.171\CONFERENCIAS.fws

INFO 2019-06-14 14:35:24,056 [1]
Settings written to disk

INFO 2019-06-14 14:35:24,056 [1]
View closed

DEBUG2019-06-14 14:35:24,711 [1]
Closing 0 open presentations

DEBUG2019-06-14 14:35:24,711 [1]
Finished closing all open presentations

INFO 2019-06-14 14:35:24,742 [1]
Closing PowerPoint

INFO 2019-06-14 14:35:26,754 [1]
FreeWorship closed
-------------------------------------

ERROR2019-06-14 14:35:29,441 [17]
System.Threading.Tasks.TaskCanceledException: Se canceló una tarea.
   en System.Runtime.CompilerServices.TaskAwaiter.ThrowForNonSuccess(Task task)
   en System.Runtime.CompilerServices.TaskAwaiter.HandleNonSuccessAndDebuggerNotification(Task task)
   en System.Windows.Threading.DispatcherOperation.Wait(TimeSpan timeout)
   en System.Windows.Threading.Dispatcher.InvokeImpl(DispatcherOperation operation, CancellationToken cancellationToken, TimeSpan timeout)
   en System.Windows.Threading.Dispatcher.Invoke(Action callback, DispatcherPriority priority, CancellationToken cancellationToken, TimeSpan timeout)
   en System.Windows.Threading.Dispatcher.Invoke(Action callback)
   en System.IO.FileSystemWatcher.OnChanged(FileSystemEventArgs e)
   en System.IO.FileSystemWatcher.CompletionStatusChanged(UInt32 errorCode, UInt32 numBytes, NativeOverlapped* overlappedPointer)
   en System.Threading._IOCompletionCallback.PerformIOCompletionCallback(UInt32 errorCode, UInt32 numBytes, NativeOverlapped* pOVERLAP)

INFO 2019-06-14 23:55:49,097 [1]
+++++++++++++++++++++++++++++++++++++
FreeWorship Version: 3.4.2 x64
Windows OS Version:10 Home Single Language 64-bit
Sys Mem:3969MB

DEBUG2019-06-14 23:55:49,175 [1]
Starting new Icon generation thread ThumbGen6924

INFO 2019-06-14 23:55:51,596 [1]
Created Win8.1/Win10 spell checker

INFO 2019-06-14 23:55:55,491 [1]
Succesfully started PowerPoint 2016

DEBUG2019-06-14 23:55:56,719 [1]
Presentation window's handle is 132446

INFO 2019-06-14 23:55:59,838 [1]
Loaded Chrome Embedded Framework

INFO 2019-06-14 23:56:09,263 [1]
Initialised Chrome Embedded Framework

INFO 2019-06-14 23:56:10,000 [1]
Failed to load the following font: No se puede convertir FontFamilyConverter desde System.String.

INFO 2019-06-14 23:56:10,786 [1]
Failed to load the following font:HelveticaNeueLT Std 

INFO 2019-06-14 23:56:10,786 [1]
Failed to load the following font:HelveticaNeueLT Std Blk 

INFO 2019-06-14 23:56:10,786 [1]
Failed to load the following font:HelveticaNeueLT Std Cn 

INFO 2019-06-14 23:56:10,786 [1]
Failed to load the following font:HelveticaNeueLT Std Lt 

INFO 2019-06-14 23:56:11,377 [1]
Loaded 179 fonts successfully and failed to load the following fonts:

INFO 2019-06-14 23:56:11,479 [1]
There are errors to report

INFO 2019-06-14 23:56:22,280 [1]
Songs Database loaded with 593 items

INFO 2019-06-14 23:56:23,674 [1]
Bibles Database loaded with 3 items

INFO 2019-06-14 23:56:24,101 [1]
Slides Database loaded with 5 items

INFO 2019-06-14 23:56:33,086 [1]
Checked for updates in 2225 ms

INFO 2019-06-14 23:56:33,086 [1]
Result was NewUpdate

DEBUG2019-06-14 23:57:20,389 [1]
Opening folder '' in file browser

DEBUG2019-06-14 23:57:20,390 [1]
Opening folder '' in file browser

DEBUG2019-06-14 23:57:20,392 [1]
Opening folder 'C:\Users\Febe\Downloads' in file browser

INFO 2019-06-14 23:57:21,050 [1]
Notification Added: It looks like you haven't set up your screens correctly. Would you like FreeWorship to do it for you?

Reported - 2019-06-14 23:57:21Z

INFO 2019-06-14 23:57:22,688 [1]
Could not attach screenshot, server rejected itID Not valid

INFO 2019-06-14 23:57:23,203 [1]
Could not attach settings, server rejected itID Not valid

