INFO 2019-05-11 23:46:13,892 [1]
+++++++++++++++++++++++++++++++++++++
FreeWorship Version: 3.4.2 x64
Windows OS Version:10 Home Single Language 64-bit
Sys Mem:3969MB

DEBUG2019-05-11 23:46:13,907 [1]
Starting new Icon generation thread ThumbGen5667

INFO 2019-05-11 23:46:14,251 [1]
Created Win8.1/Win10 spell checker

INFO 2019-05-11 23:46:21,084 [1]
Succesfully started PowerPoint 2016

DEBUG2019-05-11 23:46:22,777 [1]
Presentation window's handle is 198314

INFO 2019-05-11 23:46:26,451 [1]
Loaded Chrome Embedded Framework

INFO 2019-05-11 23:46:34,366 [1]
Initialised Chrome Embedded Framework

INFO 2019-05-11 23:46:35,351 [1]
Failed to load the following font: No se puede convertir FontFamilyConverter desde System.String.

INFO 2019-05-11 23:46:36,407 [1]
Failed to load the following font:HelveticaNeueLT Std 

INFO 2019-05-11 23:46:36,407 [1]
Failed to load the following font:HelveticaNeueLT Std Blk 

INFO 2019-05-11 23:46:36,407 [1]
Failed to load the following font:HelveticaNeueLT Std Cn 

INFO 2019-05-11 23:46:36,407 [1]
Failed to load the following font:HelveticaNeueLT Std Lt 

INFO 2019-05-11 23:46:37,181 [1]
Loaded 177 fonts successfully and failed to load the following fonts:

INFO 2019-05-11 23:46:37,308 [1]
No errors to report

INFO 2019-05-11 23:46:41,104 [1]
Songs Database loaded with 208 items

INFO 2019-05-11 23:46:41,690 [1]
Bible in an invalid format Biblia-Reina-Valera-1960.xps

DEBUG2019-05-11 23:46:41,699 [1]
Ignored Error:System.IO.FileFormatException: El archivo de entrada o el flujo de datos no se ajusta a la especificación de formato de archivo esperada.
   en FreeWorship.DataStructures.Database.Bible.Read(String directory, String filename)
   en FreeWorship.DataStructures.Database.BibleDatabase.loadItemFromDisk(String filename)

INFO 2019-05-11 23:46:42,323 [1]
Bibles Database loaded with 4 items

INFO 2019-05-11 23:46:42,324 [1]
Slides Database loaded with 0 items

INFO 2019-05-11 23:46:50,710 [1]
Checked for updates in 2436 ms

INFO 2019-05-11 23:46:50,710 [1]
Result was NewUpdate

DEBUG2019-05-11 23:47:10,009 [1]
Opening folder '' in file browser

DEBUG2019-05-11 23:47:10,011 [1]
Opening folder '' in file browser

DEBUG2019-05-11 23:47:10,013 [1]
Opening folder 'C:\Users\Febe\Downloads' in file browser

INFO 2019-05-11 23:47:10,791 [1]
Notification Added: It looks like you haven't set up your screens correctly. Would you like FreeWorship to do it for you?

DEBUG2019-05-11 23:47:32,279 [1]
Opening folder '' in file browser

DEBUG2019-05-11 23:47:32,279 [1]
Opening folder '' in file browser

DEBUG2019-05-11 23:47:32,279 [1]
Opening folder '...\Bibles' in file browser

DEBUG2019-05-11 23:47:39,672 [1]
Opening folder 'C:\Users\Febe\Downloads\FreeWorshipPortable_3.4.2.171\Data' in file browser

DEBUG2019-05-11 23:47:42,212 [1]
Opening folder '...\Bibles' in file browser

