DEBUG2019-06-15 12:24:09,287 [1]
Changed selected service item
Cleaned old item after 0ms
New item is of type FreeWorship.ServiceList.SongServiceItem
Generated new VM after 120ms
Set new VM after 120ms
Set background settings after 388ms
Finished changing item after 388ms

DEBUG2019-06-15 12:24:09,641 [19]
Text creation 28 characters 640x340
Create text after 0ms
Wrapped text after 0ms
Drawn text after 0ms


DEBUG2019-06-15 12:24:09,641 [13]
Text creation 87 characters 472,037647058823x250,77
Create text after 0ms
Wrapped text after 0ms
Drawn text after 0ms


DEBUG2019-06-15 12:24:09,646 [16]
Text creation 28 characters 472,037647058823x250,77
Create text after 0ms
Wrapped text after 0ms
Drawn text after 0ms


DEBUG2019-06-15 12:24:09,646 [6]
Text creation 87 characters 640x340
Create text after 0ms
Wrapped text after 0ms
Drawn text after 0ms


DEBUG2019-06-15 12:24:14,381 [13]
Text creation 100 characters 472,037647058823x250,77
Create text after 0ms
Wrapped text after 0ms
Drawn text after 0ms


DEBUG2019-06-15 12:24:14,382 [10]
Text creation 100 characters 640x340
Create text after 0ms
Wrapped text after 0ms
Drawn text after 0ms


DEBUG2019-06-15 12:24:19,535 [20]
Text creation 149 characters 640x340
Create text after 0ms
Wrapped text after 0ms
Drawn text after 0ms


DEBUG2019-06-15 12:24:19,535 [16]
Text creation 149 characters 472,037647058823x250,77
Create text after 0ms
Wrapped text after 0ms
Drawn text after 0ms


DEBUG2019-06-15 12:25:56,996 [1]
Changed selected service item
Cleaned old item after 2ms
New item is of type FreeWorship.ServiceList.SongServiceItem
Generated new VM after 2ms
Set new VM after 2ms
Set background settings after 5ms
Finished changing item after 5ms

DEBUG2019-06-15 12:25:57,021 [19]
Text creation 28 characters 640x340
Create text after 0ms
Wrapped text after 0ms
Drawn text after 0ms


DEBUG2019-06-15 12:25:57,021 [9]
Text creation 28 characters 472,037647058823x250,77
Create text after 0ms
Wrapped text after 0ms
Drawn text after 0ms


DEBUG2019-06-15 12:25:57,021 [5]
Text creation 102 characters 472,037647058823x250,77
Create text after 0ms
Wrapped text after 0ms
Drawn text after 0ms


DEBUG2019-06-15 12:25:57,021 [14]
Text creation 102 characters 640x340
Create text after 0ms
Wrapped text after 0ms
Drawn text after 0ms


DEBUG2019-06-15 12:28:48,573 [1]
Changed selected service item
Cleaned old item after 0ms
New item is of type FreeWorship.ServiceList.SongServiceItem
Generated new VM after 0ms
Set new VM after 0ms
Set background settings after 3ms
Finished changing item after 3ms

DEBUG2019-06-15 12:46:03,116 [1]
Changed selected service item
Cleaned old item after 0ms
New item is of type FreeWorship.ServiceList.SongServiceItem
Generated new VM after 0ms
Set new VM after 0ms
Set background settings after 0ms
Finished changing item after 0ms

DEBUG2019-06-15 12:46:03,144 [27]
Text creation 21 characters 640x340
Create text after 0ms
Wrapped text after 0ms
Drawn text after 0ms


DEBUG2019-06-15 12:46:03,144 [14]
Text creation 95 characters 640x340
Create text after 0ms
Wrapped text after 0ms
Drawn text after 0ms


DEBUG2019-06-15 12:46:03,144 [26]
Text creation 21 characters 472,037647058823x250,77
Create text after 0ms
Wrapped text after 0ms
Drawn text after 0ms


DEBUG2019-06-15 12:46:03,176 [29]
Text creation 95 characters 472,037647058823x250,77
Create text after 0ms
Wrapped text after 0ms
Drawn text after 0ms


DEBUG2019-06-15 12:46:12,229 [14]
Text creation 129 characters 472,037647058823x250,77
Create text after 0ms
Wrapped text after 0ms
Drawn text after 0ms


DEBUG2019-06-15 12:46:12,234 [29]
Text creation 129 characters 640x340
Create text after 0ms
Wrapped text after 0ms
Drawn text after 0ms


DEBUG2019-06-15 12:46:19,143 [14]
Text creation 104 characters 472,037647058823x250,77
Create text after 0ms
Wrapped text after 0ms
Drawn text after 0ms


DEBUG2019-06-15 12:46:19,143 [26]
Text creation 104 characters 640x340
Create text after 0ms
Wrapped text after 0ms
Drawn text after 0ms


DEBUG2019-06-15 12:46:21,916 [27]
Text creation 187 characters 472,037647058823x250,77
Create text after 0ms
Wrapped text after 0ms
Drawn text after 0ms


DEBUG2019-06-15 12:46:21,916 [14]
Text creation 187 characters 640x340
Create text after 0ms
Wrapped text after 0ms
Drawn text after 0ms


DEBUG2019-06-15 12:46:35,347 [14]
Text creation 93 characters 640x340
Create text after 0ms
Wrapped text after 0ms
Drawn text after 0ms


DEBUG2019-06-15 12:46:35,347 [26]
Text creation 93 characters 472,037647058823x250,77
Create text after 0ms
Wrapped text after 0ms
Drawn text after 0ms


DEBUG2019-06-15 12:46:37,511 [26]
Text creation 102 characters 640x340
Create text after 0ms
Wrapped text after 0ms
Drawn text after 0ms


DEBUG2019-06-15 12:46:37,511 [22]
Text creation 102 characters 472,037647058823x250,77
Create text after 0ms
Wrapped text after 0ms
Drawn text after 0ms


DEBUG2019-06-15 12:46:38,290 [29]
Text creation 188 characters 472,037647058823x250,77
Create text after 0ms
Wrapped text after 0ms
Drawn text after 0ms


DEBUG2019-06-15 12:46:38,295 [24]
Text creation 188 characters 640x340
Create text after 0ms
Wrapped text after 0ms
Drawn text after 0ms


DEBUG2019-06-15 12:47:23,184 [26]
Text creation 96 characters 472,037647058823x250,77
Create text after 0ms
Wrapped text after 0ms
Drawn text after 0ms


DEBUG2019-06-15 12:47:23,189 [28]
Text creation 96 characters 640x340
Create text after 0ms
Wrapped text after 0ms
Drawn text after 0ms


DEBUG2019-06-15 12:47:33,990 [22]
Text creation 105 characters 472,037647058823x250,77
Create text after 0ms
Wrapped text after 0ms
Drawn text after 0ms


DEBUG2019-06-15 12:47:33,995 [24]
Text creation 105 characters 640x340
Create text after 0ms
Wrapped text after 0ms
Drawn text after 0ms


DEBUG2019-06-15 12:48:07,806 [29]
Text creation 95 characters 640x340
Create text after 0ms
Wrapped text after 0ms
Drawn text after 0ms


DEBUG2019-06-15 12:48:07,806 [18]
Text creation 95 characters 472,037647058823x250,77
Create text after 0ms
Wrapped text after 0ms
Drawn text after 0ms


DEBUG2019-06-15 12:48:19,632 [29]
Text creation 134 characters 640x340
Create text after 0ms
Wrapped text after 0ms
Drawn text after 0ms


DEBUG2019-06-15 12:48:19,632 [10]
Text creation 134 characters 472,037647058823x250,77
Create text after 0ms
Wrapped text after 0ms
Drawn text after 0ms


DEBUG2019-06-15 12:56:37,894 [1]
Changed selected service item
Cleaned old item after 0ms
New item is of type FreeWorship.ServiceList.SongServiceItem
Generated new VM after 0ms
Set new VM after 0ms
Set background settings after 0ms
Finished changing item after 0ms

DEBUG2019-06-15 12:56:37,914 [27]
Text creation 18 characters 640x340
Create text after 0ms
Wrapped text after 0ms
Drawn text after 0ms


DEBUG2019-06-15 12:56:37,919 [28]
Text creation 18 characters 472,037647058823x250,77
Create text after 0ms
Wrapped text after 0ms
Drawn text after 0ms


DEBUG2019-06-15 12:56:37,919 [21]
Text creation 117 characters 472,037647058823x250,77
Create text after 0ms
Wrapped text after 0ms
Drawn text after 0ms


DEBUG2019-06-15 12:56:37,919 [6]
Text creation 117 characters 640x340
Create text after 0ms
Wrapped text after 0ms
Drawn text after 0ms


DEBUG2019-06-15 12:56:49,502 [28]
Text creation 123 characters 472,037647058823x250,77
Create text after 0ms
Wrapped text after 0ms
Drawn text after 0ms


DEBUG2019-06-15 12:56:49,508 [6]
Text creation 123 characters 640x340
Create text after 0ms
Wrapped text after 0ms
Drawn text after 0ms


DEBUG2019-06-15 12:56:55,921 [27]
Text creation 125 characters 472,037647058823x250,77
Create text after 0ms
Wrapped text after 0ms
Drawn text after 0ms


DEBUG2019-06-15 12:56:55,922 [22]
Text creation 125 characters 640x340
Create text after 0ms
Wrapped text after 0ms
Drawn text after 0ms


DEBUG2019-06-15 13:00:44,456 [27]
Text creation 16 characters 640x340
Create text after 0ms
Wrapped text after 0ms
Drawn text after 0ms


DEBUG2019-06-15 13:00:44,456 [1]
Changed selected service item
Cleaned old item after 0ms
New item is of type FreeWorship.ServiceList.SongServiceItem
Generated new VM after 0ms
Set new VM after 0ms
Set background settings after 0ms
Finished changing item after 0ms

DEBUG2019-06-15 13:00:44,456 [28]
Text creation 16 characters 472,037647058823x250,77
Create text after 0ms
Wrapped text after 0ms
Drawn text after 0ms


DEBUG2019-06-15 13:00:44,501 [24]
Text creation 227 characters 472,037647058823x250,77
Create text after 0ms
Wrapped text after 0ms
Drawn text after 0ms


DEBUG2019-06-15 13:00:44,501 [26]
Text creation 227 characters 640x340
Create text after 0ms
Wrapped text after 0ms
Drawn text after 0ms


DEBUG2019-06-15 13:00:51,392 [13]
Text creation 150 characters 472,037647058823x250,77
Create text after 0ms
Wrapped text after 0ms
Drawn text after 0ms


DEBUG2019-06-15 13:00:51,397 [14]
Text creation 150 characters 640x340
Create text after 0ms
Wrapped text after 0ms
Drawn text after 0ms


DEBUG2019-06-15 13:04:46,710 [24]
Text creation 116 characters 472,037647058823x250,77
Create text after 0ms
Wrapped text after 0ms
Drawn text after 0ms


DEBUG2019-06-15 13:04:46,710 [28]
Text creation 116 characters 640x340
Create text after 0ms
Wrapped text after 0ms
Drawn text after 0ms


DEBUG2019-06-15 13:04:54,933 [14]
Text creation 109 characters 472,037647058823x250,77
Create text after 0ms
Wrapped text after 0ms
Drawn text after 0ms


DEBUG2019-06-15 13:04:54,933 [21]
Text creation 109 characters 640x340
Create text after 0ms
Wrapped text after 0ms
Drawn text after 0ms


DEBUG2019-06-15 13:05:01,786 [21]
Text creation 151 characters 472,037647058823x250,77
Create text after 0ms
Wrapped text after 0ms
Drawn text after 0ms


DEBUG2019-06-15 13:05:01,786 [22]
Text creation 151 characters 640x340
Create text after 0ms
Wrapped text after 0ms
Drawn text after 0ms


DEBUG2019-06-15 13:07:25,853 [14]
Text creation 151 characters 640x340
Create text after 0ms
Wrapped text after 0ms
Drawn text after 0ms


DEBUG2019-06-15 13:07:25,853 [27]
Text creation 151 characters 472,037647058823x250,77
Create text after 0ms
Wrapped text after 0ms
Drawn text after 0ms


WARN 2019-06-15 13:09:28,957 [1]
Exited a line because specified character index was greater than the line length. Text='Verso
Esta es la luz de Cristo
Yo la hare Brillar //
Brillará, Brillará, Brillará //
' point=3;34

DEBUG2019-06-15 13:15:24,740 [1]
Changed selected service item
Cleaned old item after 0ms
New item is of type FreeWorship.ServiceList.SongServiceItem
Generated new VM after 0ms
Set new VM after 0ms
Set background settings after 0ms
Finished changing item after 0ms

DEBUG2019-06-15 13:15:24,750 [13]
Text creation 30 characters 472,037647058823x250,77
Create text after 0ms
Wrapped text after 0ms
Drawn text after 0ms


DEBUG2019-06-15 13:15:24,750 [18]
Text creation 50 characters 472,037647058823x250,77
Create text after 0ms
Wrapped text after 0ms
Drawn text after 0ms


DEBUG2019-06-15 13:15:24,750 [26]
Text creation 50 characters 640x340
Create text after 0ms
Wrapped text after 0ms
Drawn text after 0ms


DEBUG2019-06-15 13:15:24,750 [5]
Text creation 30 characters 640x340
Create text after 0ms
Wrapped text after 0ms
Drawn text after 0ms


DEBUG2019-06-15 13:15:29,871 [26]
Text creation 86 characters 472,037647058823x250,77
Create text after 0ms
Wrapped text after 0ms
Drawn text after 0ms


DEBUG2019-06-15 13:15:29,871 [18]
Text creation 86 characters 640x340
Create text after 0ms
Wrapped text after 0ms
Drawn text after 0ms


DEBUG2019-06-15 13:15:52,435 [5]
Text creation 44 characters 472,037647058823x250,77
Create text after 0ms
Wrapped text after 0ms
Drawn text after 0ms


DEBUG2019-06-15 13:15:52,435 [18]
Text creation 44 characters 640x340
Create text after 0ms
Wrapped text after 0ms
Drawn text after 0ms


DEBUG2019-06-15 13:15:58,181 [18]
Text creation 46 characters 472,037647058823x250,77
Create text after 0ms
Wrapped text after 0ms
Drawn text after 0ms


DEBUG2019-06-15 13:15:58,181 [5]
Text creation 46 characters 640x340
Create text after 0ms
Wrapped text after 0ms
Drawn text after 0ms


DEBUG2019-06-15 13:20:50,909 [22]
Text creation 6 characters 640x340
Create text after 0ms
Wrapped text after 0ms
Drawn text after 0ms


DEBUG2019-06-15 13:20:50,909 [1]
Changed selected service item
Cleaned old item after 0ms
New item is of type FreeWorship.ServiceList.SongServiceItem
Generated new VM after 0ms
Set new VM after 0ms
Set background settings after 0ms
Finished changing item after 0ms

DEBUG2019-06-15 13:20:50,924 [21]
Text creation 6 characters 472,037647058823x250,77
Create text after 0ms
Wrapped text after 0ms
Drawn text after 0ms


DEBUG2019-06-15 13:20:50,984 [10]
Text creation 265 characters 472,037647058823x250,77
Create text after 0ms
Wrapped text after 0ms
Drawn text after 0ms


DEBUG2019-06-15 13:20:50,984 [19]
Text creation 265 characters 640x340
Create text after 0ms
Wrapped text after 0ms
Drawn text after 0ms


DEBUG2019-06-15 13:22:10,395 [9]
Text creation 107 characters 640x340
Create text after 0ms
Wrapped text after 0ms
Drawn text after 0ms


DEBUG2019-06-15 13:22:10,395 [13]
Text creation 107 characters 472,037647058823x250,77
Create text after 0ms
Wrapped text after 0ms
Drawn text after 0ms


DEBUG2019-06-15 13:22:17,077 [19]
Text creation 156 characters 472,037647058823x250,77
Create text after 0ms
Wrapped text after 0ms
Drawn text after 0ms


DEBUG2019-06-15 13:22:17,082 [14]
Text creation 156 characters 640x340
Create text after 0ms
Wrapped text after 0ms
Drawn text after 0ms


DEBUG2019-06-15 13:24:53,845 [9]
Text creation 25 characters 640x340
Create text after 0ms
Wrapped text after 0ms
Drawn text after 0ms


DEBUG2019-06-15 13:24:53,850 [19]
Text creation 25 characters 472,037647058823x250,77
Create text after 0ms
Wrapped text after 0ms
Drawn text after 0ms


DEBUG2019-06-15 13:25:03,184 [19]
Text creation 161 characters 640x340
Create text after 0ms
Wrapped text after 0ms
Drawn text after 0ms


DEBUG2019-06-15 13:25:03,184 [13]
Text creation 161 characters 472,037647058823x250,77
Create text after 0ms
Wrapped text after 0ms
Drawn text after 0ms


DEBUG2019-06-15 13:25:33,767 [6]
Text creation 25 characters 324,094935076253x172,166059259259
Create text after 0ms
Wrapped text after 0ms
Drawn text after 0ms


DEBUG2019-06-15 13:25:33,826 [5]
Text creation 107 characters 324,094935076253x172,166059259259
Create text after 0ms
Wrapped text after 0ms
Drawn text after 0ms


DEBUG2019-06-15 13:25:33,877 [6]
Text creation 123 characters 324,094935076253x172,166059259259
Create text after 0ms
Wrapped text after 0ms
Drawn text after 0ms


DEBUG2019-06-15 13:25:33,881 [21]
Text creation 109 characters 324,094935076253x172,166059259259
Create text after 0ms
Wrapped text after 0ms
Drawn text after 0ms


DEBUG2019-06-15 13:25:33,881 [5]
Text creation 102 characters 324,094935076253x172,166059259259
Create text after 0ms
Wrapped text after 0ms
Drawn text after 0ms


DEBUG2019-06-15 13:25:33,881 [6]
Text creation 21 characters 324,094935076253x172,166059259259
Create text after 0ms
Wrapped text after 0ms
Drawn text after 0ms


DEBUG2019-06-15 13:25:33,885 [22]
Text creation 227 characters 324,094935076253x172,166059259259
Create text after 0ms
Wrapped text after 0ms
Drawn text after 0ms


DEBUG2019-06-15 13:25:33,885 [10]
Text creation 95 characters 324,094935076253x172,166059259259
Create text after 0ms
Wrapped text after 0ms
Drawn text after 0ms


DEBUG2019-06-15 13:25:33,921 [5]
Text creation 151 characters 324,094935076253x172,166059259259
Create text after 0ms
Wrapped text after 0ms
Drawn text after 0ms


DEBUG2019-06-15 13:25:33,921 [6]
Text creation 116 characters 324,094935076253x172,166059259259
Create text after 0ms
Wrapped text after 0ms
Drawn text after 0ms


DEBUG2019-06-15 13:25:33,925 [21]
Text creation 161 characters 324,094935076253x172,166059259259
Create text after 0ms
Wrapped text after 0ms
Drawn text after 0ms


DEBUG2019-06-15 13:25:33,933 [10]
Text creation 93 characters 324,094935076253x172,166059259259
Create text after 0ms
Wrapped text after 0ms
Drawn text after 0ms


DEBUG2019-06-15 13:25:33,933 [22]
Text creation 117 characters 324,094935076253x172,166059259259
Create text after 0ms
Wrapped text after 0ms
Drawn text after 0ms


DEBUG2019-06-15 13:25:33,997 [6]
Text creation 25 characters 323,383768191721x171,788251851852
Create text after 0ms
Wrapped text after 0ms
Drawn text after 0ms


DEBUG2019-06-15 13:25:34,033 [5]
Text creation 107 characters 323,383768191721x171,788251851852
Create text after 0ms
Wrapped text after 0ms
Drawn text after 0ms


DEBUG2019-06-15 13:25:34,033 [6]
Text creation 123 characters 323,383768191721x171,788251851852
Create text after 0ms
Wrapped text after 0ms
Drawn text after 0ms


DEBUG2019-06-15 13:25:34,033 [21]
Text creation 109 characters 323,383768191721x171,788251851852
Create text after 0ms
Wrapped text after 0ms
Drawn text after 0ms


DEBUG2019-06-15 13:25:34,033 [10]
Text creation 95 characters 323,383768191721x171,788251851852
Create text after 0ms
Wrapped text after 0ms
Drawn text after 0ms


DEBUG2019-06-15 13:25:34,033 [22]
Text creation 227 characters 323,383768191721x171,788251851852
Create text after 0ms
Wrapped text after 0ms
Drawn text after 0ms


DEBUG2019-06-15 13:25:34,061 [5]
Text creation 102 characters 323,383768191721x171,788251851852
Create text after 0ms
Wrapped text after 0ms
Drawn text after 0ms


DEBUG2019-06-15 13:25:34,069 [21]
Text creation 161 characters 323,383768191721x171,788251851852
Create text after 0ms
Wrapped text after 0ms
Drawn text after 0ms


DEBUG2019-06-15 13:25:34,077 [6]
Text creation 21 characters 323,383768191721x171,788251851852
Create text after 0ms
Wrapped text after 0ms
Drawn text after 0ms


DEBUG2019-06-15 13:25:34,077 [10]
Text creation 151 characters 323,383768191721x171,788251851852
Create text after 0ms
Wrapped text after 0ms
Drawn text after 0ms


DEBUG2019-06-15 13:25:34,085 [22]
Text creation 116 characters 323,383768191721x171,788251851852
Create text after 0ms
Wrapped text after 0ms
Drawn text after 0ms


DEBUG2019-06-15 13:25:34,085 [21]
Text creation 93 characters 323,383768191721x171,788251851852
Create text after 0ms
Wrapped text after 0ms
Drawn text after 0ms


DEBUG2019-06-15 13:25:34,085 [5]
Text creation 117 characters 323,383768191721x171,788251851852
Create text after 0ms
Wrapped text after 0ms
Drawn text after 0ms


DEBUG2019-06-15 13:25:36,608 [6]
Text creation 25 characters 470,135294117647x249,75
Create text after 0ms
Wrapped text after 0ms
Drawn text after 0ms


DEBUG2019-06-15 13:25:36,643 [21]
Text creation 107 characters 470,135294117647x249,75
Create text after 0ms
Wrapped text after 0ms
Drawn text after 0ms


DEBUG2019-06-15 13:25:36,643 [6]
Text creation 227 characters 470,135294117647x249,75
Create text after 0ms
Wrapped text after 0ms
Drawn text after 0ms


DEBUG2019-06-15 13:25:36,648 [5]
Text creation 109 characters 470,135294117647x249,75
Create text after 0ms
Wrapped text after 0ms
Drawn text after 0ms


DEBUG2019-06-15 13:25:36,648 [22]
Text creation 123 characters 470,135294117647x249,75
Create text after 0ms
Wrapped text after 0ms
Drawn text after 0ms


DEBUG2019-06-15 13:25:36,673 [5]
Text creation 21 characters 470,135294117647x249,75
Create text after 0ms
Wrapped text after 0ms
Drawn text after 0ms


DEBUG2019-06-15 13:25:36,683 [22]
Text creation 161 characters 470,135294117647x249,75
Create text after 0ms
Wrapped text after 0ms
Drawn text after 0ms


DEBUG2019-06-15 13:25:36,693 [21]
Text creation 95 characters 470,135294117647x249,75
Create text after 0ms
Wrapped text after 0ms
Drawn text after 0ms


DEBUG2019-06-15 13:25:36,693 [5]
Text creation 151 characters 470,135294117647x249,75
Create text after 0ms
Wrapped text after 0ms
Drawn text after 0ms


DEBUG2019-06-15 13:25:36,693 [6]
Text creation 102 characters 470,135294117647x249,75
Create text after 0ms
Wrapped text after 0ms
Drawn text after 0ms


DEBUG2019-06-15 13:25:36,713 [22]
Text creation 116 characters 470,135294117647x249,75
Create text after 0ms
Wrapped text after 0ms
Drawn text after 0ms


DEBUG2019-06-15 13:25:36,713 [21]
Text creation 117 characters 470,135294117647x249,75
Create text after 0ms
Wrapped text after 0ms
Drawn text after 0ms


DEBUG2019-06-15 13:25:36,713 [5]
Text creation 93 characters 470,135294117647x249,75
Create text after 0ms
Wrapped text after 0ms
Drawn text after 0ms


DEBUG2019-06-15 13:25:36,843 [21]
Text creation 109 characters 472,017647058823x250,75
Create text after 0ms
Wrapped text after 0ms
Drawn text after 0ms


DEBUG2019-06-15 13:25:36,848 [5]
Text creation 95 characters 472,017647058823x250,75
Create text after 0ms
Wrapped text after 0ms
Drawn text after 0ms


DEBUG2019-06-15 13:25:36,848 [22]
Text creation 123 characters 472,017647058823x250,75
Create text after 0ms
Wrapped text after 0ms
Drawn text after 0ms


DEBUG2019-06-15 13:25:36,863 [6]
Text creation 227 characters 472,017647058823x250,75
Create text after 0ms
Wrapped text after 0ms
Drawn text after 0ms


DEBUG2019-06-15 13:25:36,873 [5]
Text creation 21 characters 472,017647058823x250,75
Create text after 0ms
Wrapped text after 0ms
Drawn text after 0ms


DEBUG2019-06-15 13:25:36,873 [21]
Text creation 102 characters 472,017647058823x250,75
Create text after 0ms
Wrapped text after 0ms
Drawn text after 0ms


DEBUG2019-06-15 13:25:36,873 [22]
Text creation 151 characters 472,017647058823x250,75
Create text after 0ms
Wrapped text after 0ms
Drawn text after 0ms


DEBUG2019-06-15 13:25:36,878 [6]
Text creation 116 characters 472,017647058823x250,75
Create text after 0ms
Wrapped text after 0ms
Drawn text after 0ms


DEBUG2019-06-15 13:25:36,893 [5]
Text creation 117 characters 472,017647058823x250,75
Create text after 0ms
Wrapped text after 0ms
Drawn text after 0ms


DEBUG2019-06-15 13:25:36,893 [21]
Text creation 93 characters 472,017647058823x250,75
Create text after 0ms
Wrapped text after 0ms
Drawn text after 0ms


DEBUG2019-06-15 13:26:00,896 [6]
Text creation 161 characters 639,98x339,98
Create text after 0ms
Wrapped text after 0ms
Drawn text after 0ms


DEBUG2019-06-15 13:37:11,108 [1]
Changed selected service item
Cleaned old item after 0ms
New item is of type FreeWorship.ServiceList.SongServiceItem
Generated new VM after 0ms
Set new VM after 0ms
Set background settings after 0ms
Finished changing item after 0ms

DEBUG2019-06-15 13:37:11,133 [24]
Text creation 31 characters 640x340
Create text after 0ms
Wrapped text after 0ms
Drawn text after 0ms


DEBUG2019-06-15 13:37:11,133 [21]
Text creation 124 characters 640x340
Create text after 0ms
Wrapped text after 0ms
Drawn text after 0ms


DEBUG2019-06-15 13:37:11,133 [5]
Text creation 31 characters 472,037647058823x250,77
Create text after 0ms
Wrapped text after 0ms
Drawn text after 0ms


DEBUG2019-06-15 13:37:11,133 [22]
Text creation 124 characters 472,037647058823x250,77
Create text after 0ms
Wrapped text after 0ms
Drawn text after 0ms


DEBUG2019-06-15 13:37:13,501 [22]
Text creation 140 characters 472,037647058823x250,77
Create text after 0ms
Wrapped text after 0ms
Drawn text after 0ms


DEBUG2019-06-15 13:37:13,501 [5]
Text creation 140 characters 640x340
Create text after 0ms
Wrapped text after 0ms
Drawn text after 0ms


DEBUG2019-06-15 13:37:16,993 [21]
Text creation 109 characters 472,037647058823x250,77
Create text after 0ms
Wrapped text after 0ms
Drawn text after 0ms


DEBUG2019-06-15 13:37:16,993 [24]
Text creation 109 characters 640x340
Create text after 0ms
Wrapped text after 0ms
Drawn text after 0ms


DEBUG2019-06-15 13:37:18,438 [24]
Text creation 145 characters 472,037647058823x250,77
Create text after 0ms
Wrapped text after 0ms
Drawn text after 0ms


DEBUG2019-06-15 13:37:18,442 [21]
Text creation 145 characters 640x340
Create text after 0ms
Wrapped text after 0ms
Drawn text after 0ms


DEBUG2019-06-15 13:46:25,695 [19]
Text creation 24 characters 640x340
Create text after 0ms
Wrapped text after 0ms
Drawn text after 0ms


DEBUG2019-06-15 13:46:25,695 [1]
Changed selected service item
Cleaned old item after 0ms
New item is of type FreeWorship.ServiceList.SongServiceItem
Generated new VM after 0ms
Set new VM after 0ms
Set background settings after 0ms
Finished changing item after 0ms

DEBUG2019-06-15 13:46:25,780 [19]
Text creation 24 characters 472,037647058823x250,77
Create text after 0ms
Wrapped text after 0ms
Drawn text after 0ms


DEBUG2019-06-15 13:46:25,780 [9]
Text creation 167 characters 472,037647058823x250,77
Create text after 0ms
Wrapped text after 0ms
Drawn text after 0ms


DEBUG2019-06-15 13:46:25,780 [18]
Text creation 167 characters 640x340
Create text after 0ms
Wrapped text after 0ms
Drawn text after 0ms


DEBUG2019-06-15 13:46:28,526 [6]
Text creation 336 characters 472,037647058823x250,77
Create text after 0ms
Wrapped text after 0ms
Drawn text after 0ms


DEBUG2019-06-15 13:46:28,526 [9]
Text creation 336 characters 640x340
Create text after 0ms
Wrapped text after 0ms
Drawn text after 0ms


DEBUG2019-06-15 13:51:29,585 [1]
Changed selected service item
Cleaned old item after 0ms
New item is of type FreeWorship.ServiceList.SongServiceItem
Generated new VM after 0ms
Set new VM after 0ms
Set background settings after 0ms
Finished changing item after 0ms

DEBUG2019-06-15 13:51:29,585 [7]
Text creation 21 characters 640x340
Create text after 0ms
Wrapped text after 0ms
Drawn text after 0ms


DEBUG2019-06-15 13:51:29,590 [5]
Text creation 21 characters 472,037647058823x250,77
Create text after 0ms
Wrapped text after 0ms
Drawn text after 0ms


DEBUG2019-06-15 13:51:29,640 [18]
Text creation 251 characters 472,037647058823x250,77
Create text after 0ms
Wrapped text after 0ms
Drawn text after 0ms


DEBUG2019-06-15 13:51:29,640 [13]
Text creation 251 characters 640x340
Create text after 0ms
Wrapped text after 0ms
Drawn text after 0ms


DEBUG2019-06-15 13:51:51,708 [18]
Text creation 249 characters 640x340
Create text after 0ms
Wrapped text after 0ms
Drawn text after 0ms


DEBUG2019-06-15 13:51:51,708 [5]
Text creation 249 characters 472,037647058823x250,77
Create text after 0ms
Wrapped text after 0ms
Drawn text after 0ms


DEBUG2019-06-15 13:55:53,524 [13]
Text creation 286 characters 640x340
Create text after 0ms
Wrapped text after 0ms
Drawn text after 0ms


DEBUG2019-06-15 13:55:53,524 [18]
Text creation 286 characters 472,037647058823x250,77
Create text after 0ms
Wrapped text after 0ms
Drawn text after 0ms


DEBUG2019-06-15 13:56:25,795 [14]
Text creation 21 characters 640x340
Create text after 0ms
Wrapped text after 0ms
Drawn text after 0ms


DEBUG2019-06-15 13:56:25,800 [14]
Text creation 21 characters 472,037647058823x250,77
Create text after 0ms
Wrapped text after 0ms
Drawn text after 0ms


DEBUG2019-06-15 13:56:25,860 [20]
Text creation 286 characters 472,037647058823x250,77
Create text after 0ms
Wrapped text after 0ms
Drawn text after 0ms


DEBUG2019-06-15 13:56:25,860 [21]
Text creation 286 characters 640x340
Create text after 0ms
Wrapped text after 0ms
Drawn text after 0ms


DEBUG2019-06-15 13:56:38,407 [7]
Text creation 255 characters 472,037647058823x250,77
Create text after 0ms
Wrapped text after 0ms
Drawn text after 0ms


DEBUG2019-06-15 13:56:38,407 [14]
Text creation 255 characters 640x340
Create text after 0ms
Wrapped text after 0ms
Drawn text after 0ms


DEBUG2019-06-15 13:57:17,131 [1]
Changed selected service item
Cleaned old item after 0ms
New item is of type FreeWorship.ServiceList.SongServiceItem
Generated new VM after 0ms
Set new VM after 0ms
Set background settings after 0ms
Finished changing item after 0ms

DEBUG2019-06-15 13:57:20,227 [1]
Changed selected service item
Cleaned old item after 0ms
New item is of type FreeWorship.ServiceList.SongServiceItem
Generated new VM after 0ms
Set new VM after 0ms
Set background settings after 0ms
Finished changing item after 0ms

DEBUG2019-06-15 13:57:20,236 [21]
Text creation 25 characters 640x340
Create text after 0ms
Wrapped text after 0ms
Drawn text after 0ms


DEBUG2019-06-15 13:57:20,236 [7]
Text creation 107 characters 640x340
Create text after 0ms
Wrapped text after 0ms
Drawn text after 0ms


DEBUG2019-06-15 13:57:20,779 [1]
Changed selected service item
Cleaned old item after 0ms
Finished changing item after 0ms

DEBUG2019-06-15 13:57:21,914 [1]
Changed selected service item
Cleaned old item after 0ms
New item is of type FreeWorship.ServiceList.SongServiceItem
Generated new VM after 0ms
Set new VM after 0ms
Set background settings after 0ms
Finished changing item after 0ms

DEBUG2019-06-15 13:57:25,619 [24]
Text creation 156 characters 640x340
Create text after 0ms
Wrapped text after 0ms
Drawn text after 0ms


DEBUG2019-06-15 13:57:25,619 [14]
Text creation 156 characters 472,037647058823x250,77
Create text after 0ms
Wrapped text after 0ms
Drawn text after 0ms


DEBUG2019-06-15 13:57:35,409 [1]
Changed selected service item
Cleaned old item after 0ms
New item is of type FreeWorship.ServiceList.SongServiceItem
Generated new VM after 3ms
Set new VM after 3ms
Set background settings after 3ms
Finished changing item after 3ms

DEBUG2019-06-15 13:57:35,424 [20]
Text creation 34 characters 472,037647058823x250,77
Create text after 0ms
Wrapped text after 0ms
Drawn text after 0ms


DEBUG2019-06-15 13:57:35,424 [14]
Text creation 34 characters 640x340
Create text after 0ms
Wrapped text after 0ms
Drawn text after 0ms


DEBUG2019-06-15 13:57:35,429 [21]
Text creation 158 characters 472,037647058823x250,77
Create text after 0ms
Wrapped text after 0ms
Drawn text after 0ms


DEBUG2019-06-15 13:57:35,434 [24]
Text creation 158 characters 640x340
Create text after 0ms
Wrapped text after 0ms
Drawn text after 0ms


DEBUG2019-06-15 13:57:38,071 [1]
Changed selected service item
Cleaned old item after 0ms
New item is of type FreeWorship.ServiceList.SongServiceItem
Generated new VM after 0ms
Set new VM after 0ms
Set background settings after 0ms
Finished changing item after 0ms

DEBUG2019-06-15 13:57:38,078 [7]
Text creation 21 characters 640x340
Create text after 0ms
Wrapped text after 0ms
Drawn text after 0ms


DEBUG2019-06-15 13:57:38,082 [20]
Text creation 70 characters 640x340
Create text after 0ms
Wrapped text after 0ms
Drawn text after 0ms


DEBUG2019-06-15 13:57:38,082 [14]
Text creation 21 characters 472,037647058823x250,77
Create text after 0ms
Wrapped text after 0ms
Drawn text after 0ms


DEBUG2019-06-15 13:57:38,082 [24]
Text creation 70 characters 472,037647058823x250,77
Create text after 0ms
Wrapped text after 0ms
Drawn text after 0ms


DEBUG2019-06-15 13:57:38,982 [1]
Changed selected service item
Cleaned old item after 0ms
New item is of type FreeWorship.ServiceList.SongServiceItem
Generated new VM after 0ms
Set new VM after 0ms
Set background settings after 0ms
Finished changing item after 0ms

DEBUG2019-06-15 13:57:38,987 [21]
Text creation 94 characters 640x340
Create text after 0ms
Wrapped text after 0ms
Drawn text after 0ms


DEBUG2019-06-15 13:57:39,002 [24]
Text creation 29 characters 472,037647058823x250,77
Create text after 0ms
Wrapped text after 0ms
Drawn text after 0ms


DEBUG2019-06-15 13:57:39,002 [20]
Text creation 29 characters 640x340
Create text after 0ms
Wrapped text after 0ms
Drawn text after 0ms


DEBUG2019-06-15 13:57:39,007 [7]
Text creation 94 characters 472,037647058823x250,77
Create text after 0ms
Wrapped text after 0ms
Drawn text after 0ms


DEBUG2019-06-15 13:57:40,312 [24]
Text creation 236 characters 472,037647058823x250,77
Create text after 0ms
Wrapped text after 0ms
Drawn text after 0ms


DEBUG2019-06-15 13:57:40,317 [14]
Text creation 236 characters 640x340
Create text after 0ms
Wrapped text after 0ms
Drawn text after 0ms


DEBUG2019-06-15 13:57:44,572 [7]
Text creation 184 characters 640x340
Create text after 0ms
Wrapped text after 0ms
Drawn text after 0ms


DEBUG2019-06-15 13:57:44,572 [20]
Text creation 184 characters 472,037647058823x250,77
Create text after 0ms
Wrapped text after 0ms
Drawn text after 0ms


DEBUG2019-06-15 13:57:50,264 [7]
Text creation 262 characters 472,037647058823x250,77
Create text after 0ms
Wrapped text after 0ms
Drawn text after 0ms


DEBUG2019-06-15 13:57:50,264 [14]
Text creation 262 characters 640x340
Create text after 0ms
Wrapped text after 0ms
Drawn text after 0ms


DEBUG2019-06-15 13:57:55,900 [1]
Changed selected service item
Cleaned old item after 0ms
New item is of type FreeWorship.ServiceList.SongServiceItem
Generated new VM after 0ms
Set new VM after 0ms
Set background settings after 0ms
Finished changing item after 0ms

DEBUG2019-06-15 13:57:55,910 [20]
Text creation 93 characters 472,037647058823x250,77
Create text after 0ms
Wrapped text after 0ms
Drawn text after 0ms


DEBUG2019-06-15 13:57:55,915 [24]
Text creation 29 characters 640x340
Create text after 0ms
Wrapped text after 0ms
Drawn text after 0ms


DEBUG2019-06-15 13:57:55,915 [14]
Text creation 29 characters 472,037647058823x250,77
Create text after 0ms
Wrapped text after 0ms
Drawn text after 0ms


DEBUG2019-06-15 13:57:55,915 [7]
Text creation 93 characters 640x340
Create text after 0ms
Wrapped text after 0ms
Drawn text after 0ms


DEBUG2019-06-15 13:57:57,180 [20]
Text creation 28 characters 640x340
Create text after 0ms
Wrapped text after 0ms
Drawn text after 0ms


DEBUG2019-06-15 13:57:57,180 [1]
Changed selected service item
Cleaned old item after 0ms
New item is of type FreeWorship.ServiceList.SongServiceItem
Generated new VM after 0ms
Set new VM after 0ms
Set background settings after 0ms
Finished changing item after 0ms

DEBUG2019-06-15 13:57:57,190 [14]
Text creation 28 characters 472,037647058823x250,77
Create text after 0ms
Wrapped text after 0ms
Drawn text after 0ms


DEBUG2019-06-15 13:57:57,235 [20]
Text creation 257 characters 472,037647058823x250,77
Create text after 0ms
Wrapped text after 0ms
Drawn text after 0ms


DEBUG2019-06-15 13:57:57,240 [24]
Text creation 257 characters 640x340
Create text after 0ms
Wrapped text after 0ms
Drawn text after 0ms


DEBUG2019-06-15 13:58:07,888 [1]
Changed selected service item
Cleaned old item after 0ms
New item is of type FreeWorship.ServiceList.SongServiceItem
Generated new VM after 0ms
Set new VM after 0ms
Set background settings after 0ms
Finished changing item after 0ms

DEBUG2019-06-15 13:59:58,549 [19]
Text creation 28 characters 470,135294117647x249,75
Create text after 0ms
Wrapped text after 0ms
Drawn text after 0ms


DEBUG2019-06-15 13:59:58,610 [20]
Text creation 95 characters 470,135294117647x249,75
Create text after 0ms
Wrapped text after 0ms
Drawn text after 0ms


DEBUG2019-06-15 13:59:58,618 [13]
Text creation 123 characters 470,135294117647x249,75
Create text after 0ms
Wrapped text after 0ms
Drawn text after 0ms


DEBUG2019-06-15 13:59:58,622 [19]
Text creation 21 characters 470,135294117647x249,75
Create text after 0ms
Wrapped text after 0ms
Drawn text after 0ms


DEBUG2019-06-15 13:59:58,635 [21]
Text creation 227 characters 470,135294117647x249,75
Create text after 0ms
Wrapped text after 0ms
Drawn text after 0ms


DEBUG2019-06-15 13:59:58,636 [7]
Text creation 102 characters 470,135294117647x249,75
Create text after 0ms
Wrapped text after 0ms
Drawn text after 0ms


DEBUG2019-06-15 13:59:58,637 [9]
Text creation 109 characters 470,135294117647x249,75
Create text after 0ms
Wrapped text after 0ms
Drawn text after 0ms


DEBUG2019-06-15 13:59:58,640 [24]
Text creation 249 characters 470,135294117647x249,75
Create text after 0ms
Wrapped text after 0ms
Drawn text after 0ms


DEBUG2019-06-15 13:59:58,664 [20]
Text creation 21 characters 470,135294117647x249,75
Create text after 0ms
Wrapped text after 0ms
Drawn text after 0ms


DEBUG2019-06-15 13:59:58,678 [19]
Text creation 151 characters 470,135294117647x249,75
Create text after 0ms
Wrapped text after 0ms
Drawn text after 0ms


DEBUG2019-06-15 13:59:58,679 [14]
Text creation 257 characters 470,135294117647x249,75
Create text after 0ms
Wrapped text after 0ms
Drawn text after 0ms


DEBUG2019-06-15 13:59:58,679 [21]
Text creation 116 characters 470,135294117647x249,75
Create text after 0ms
Wrapped text after 0ms
Drawn text after 0ms


DEBUG2019-06-15 13:59:58,682 [7]
Text creation 117 characters 470,135294117647x249,75
Create text after 0ms
Wrapped text after 0ms
Drawn text after 0ms


DEBUG2019-06-15 13:59:58,683 [13]
Text creation 286 characters 470,135294117647x249,75
Create text after 0ms
Wrapped text after 0ms
Drawn text after 0ms


DEBUG2019-06-15 13:59:58,683 [9]
Text creation 93 characters 470,135294117647x249,75
Create text after 0ms
Wrapped text after 0ms
Drawn text after 0ms


DEBUG2019-06-15 14:01:33,585 [19]
Text creation 109 characters 472,017647058823x250,75
Create text after 0ms
Wrapped text after 0ms
Drawn text after 0ms


DEBUG2019-06-15 14:01:33,585 [10]
Text creation 95 characters 472,017647058823x250,75
Create text after 0ms
Wrapped text after 0ms
Drawn text after 0ms


DEBUG2019-06-15 14:01:33,585 [18]
Text creation 123 characters 472,017647058823x250,75
Create text after 0ms
Wrapped text after 0ms
Drawn text after 0ms


DEBUG2019-06-15 14:01:33,590 [5]
Text creation 227 characters 472,017647058823x250,75
Create text after 0ms
Wrapped text after 0ms
Drawn text after 0ms


DEBUG2019-06-15 14:01:33,610 [10]
Text creation 21 characters 472,017647058823x250,75
Create text after 0ms
Wrapped text after 0ms
Drawn text after 0ms


DEBUG2019-06-15 14:01:33,610 [19]
Text creation 102 characters 472,017647058823x250,75
Create text after 0ms
Wrapped text after 0ms
Drawn text after 0ms


DEBUG2019-06-15 14:01:33,610 [5]
Text creation 151 characters 472,017647058823x250,75
Create text after 0ms
Wrapped text after 0ms
Drawn text after 0ms


DEBUG2019-06-15 14:01:33,655 [10]
Text creation 116 characters 472,017647058823x250,75
Create text after 0ms
Wrapped text after 0ms
Drawn text after 0ms


DEBUG2019-06-15 14:01:33,655 [5]
Text creation 93 characters 472,017647058823x250,75
Create text after 0ms
Wrapped text after 0ms
Drawn text after 0ms


DEBUG2019-06-15 14:01:33,655 [19]
Text creation 117 characters 472,017647058823x250,75
Create text after 0ms
Wrapped text after 0ms
Drawn text after 0ms


DEBUG2019-06-15 14:01:33,655 [18]
Text creation 286 characters 472,017647058823x250,75
Create text after 0ms
Wrapped text after 0ms
Drawn text after 0ms


INFO 2019-06-15 14:01:50,146 [1]
Saving service list to C:\Users\Febe\Downloads\FreeWorshipPortable_3.4.2.171\CONFERENCIAS.fws

INFO 2019-06-15 14:01:50,293 [1]
Settings written to disk

INFO 2019-06-15 14:01:50,293 [1]
View closed

DEBUG2019-06-15 14:01:51,023 [1]
Closing 0 open presentations

DEBUG2019-06-15 14:01:51,023 [1]
Finished closing all open presentations

INFO 2019-06-15 14:01:51,039 [1]
Closing PowerPoint

INFO 2019-06-15 14:01:54,734 [1]
FreeWorship closed
-------------------------------------

ERROR2019-06-15 14:01:57,515 [25]
System.Threading.Tasks.TaskCanceledException: Se canceló una tarea.
   en System.Runtime.CompilerServices.TaskAwaiter.ThrowForNonSuccess(Task task)
   en System.Runtime.CompilerServices.TaskAwaiter.HandleNonSuccessAndDebuggerNotification(Task task)
   en System.Windows.Threading.DispatcherOperation.Wait(TimeSpan timeout)
   en System.Windows.Threading.Dispatcher.InvokeImpl(DispatcherOperation operation, CancellationToken cancellationToken, TimeSpan timeout)
   en System.Windows.Threading.Dispatcher.Invoke(Action callback, DispatcherPriority priority, CancellationToken cancellationToken, TimeSpan timeout)
   en System.Windows.Threading.Dispatcher.Invoke(Action callback)
   en System.IO.FileSystemWatcher.OnChanged(FileSystemEventArgs e)
   en System.IO.FileSystemWatcher.CompletionStatusChanged(UInt32 errorCode, UInt32 numBytes, NativeOverlapped* overlappedPointer)
   en System.Threading._IOCompletionCallback.PerformIOCompletionCallback(UInt32 errorCode, UInt32 numBytes, NativeOverlapped* pOVERLAP)

INFO 2019-06-15 14:02:37,130 [1]
+++++++++++++++++++++++++++++++++++++
FreeWorship Version: 3.4.2 x64
Windows OS Version:10 Home Single Language 64-bit
Sys Mem:3969MB

DEBUG2019-06-15 14:02:37,152 [1]
Starting new Icon generation thread ThumbGen6969

INFO 2019-06-15 14:02:37,484 [1]
Created Win8.1/Win10 spell checker

INFO 2019-06-15 14:02:39,976 [1]
Succesfully started PowerPoint 2016

DEBUG2019-06-15 14:02:40,283 [1]
Presentation window's handle is 262640

INFO 2019-06-15 14:02:41,423 [1]
Loaded Chrome Embedded Framework

INFO 2019-06-15 14:02:42,105 [1]
Initialised Chrome Embedded Framework

INFO 2019-06-15 14:02:42,591 [1]
Failed to load the following font: No se puede convertir FontFamilyConverter desde System.String.

INFO 2019-06-15 14:02:43,171 [1]
Failed to load the following font:HelveticaNeueLT Std 

INFO 2019-06-15 14:02:43,171 [1]
Failed to load the following font:HelveticaNeueLT Std Blk 

INFO 2019-06-15 14:02:43,171 [1]
Failed to load the following font:HelveticaNeueLT Std Cn 

INFO 2019-06-15 14:02:43,171 [1]
Failed to load the following font:HelveticaNeueLT Std Lt 

INFO 2019-06-15 14:02:43,605 [1]
Loaded 179 fonts successfully and failed to load the following fonts:

INFO 2019-06-15 14:02:43,638 [1]
There are errors to report

INFO 2019-06-15 14:02:47,758 [1]
Songs Database loaded with 602 items

INFO 2019-06-15 14:02:48,433 [1]
Bibles Database loaded with 3 items

INFO 2019-06-15 14:02:48,648 [1]
Slides Database loaded with 5 items

INFO 2019-06-15 14:02:54,648 [1]
Checked for updates in 2290 ms

INFO 2019-06-15 14:02:54,648 [1]
Result was NewUpdate

DEBUG2019-06-15 14:03:04,988 [1]
Opening folder '' in file browser

DEBUG2019-06-15 14:03:04,989 [1]
Opening folder '' in file browser

DEBUG2019-06-15 14:03:04,991 [1]
Opening folder 'C:\Users\Febe\Downloads' in file browser

INFO 2019-06-15 14:03:05,755 [1]
Notification Added: It looks like you haven't set up your screens correctly. Would you like FreeWorship to do it for you?

Reported - 2019-06-15 14:03:05Z

INFO 2019-06-15 14:03:07,238 [1]
Could not attach screenshot, server rejected itID Not valid

INFO 2019-06-15 14:03:07,687 [1]
Could not attach settings, server rejected itID Not valid

DEBUG2019-06-15 14:03:21,231 [11]
Text creation 17 characters 472,037647058823x250,77
Create text after 0ms
Wrapped text after 0ms
Drawn text after 0ms


DEBUG2019-06-15 14:03:21,231 [21]
Text creation 17 characters 640x340
Create text after 0ms
Wrapped text after 0ms
Drawn text after 0ms


DEBUG2019-06-15 14:03:21,248 [1]
Changed selected service item
Cleaned old item after 0ms
New item is of type FreeWorship.ServiceList.SlidesServiceItem
Generated new VM after 13ms
Set new VM after 13ms
Set background settings after 13ms
Finished changing item after 13ms

DEBUG2019-06-15 14:03:27,301 [10]
Text creation 25 characters 640x340
Create text after 0ms
Wrapped text after 0ms
Drawn text after 0ms


DEBUG2019-06-15 14:03:27,306 [11]
Text creation 25 characters 472,037647058823x250,77
Create text after 0ms
Wrapped text after 0ms
Drawn text after 0ms


DEBUG2019-06-15 14:03:27,306 [1]
Changed selected service item
Cleaned old item after 1ms
New item is of type FreeWorship.ServiceList.SlidesServiceItem
Generated new VM after 1ms
Set new VM after 1ms
Set background settings after 1ms
Finished changing item after 1ms

DEBUG2019-06-15 14:03:31,421 [1]
Changed selected service item
Cleaned old item after 0ms
New item is of type FreeWorship.ServiceList.SlidesServiceItem
Generated new VM after 0ms
Set new VM after 0ms
Set background settings after 0ms
Finished changing item after 0ms

DEBUG2019-06-15 14:03:31,466 [11]
Text creation 115 characters 472,037647058823x250,77
Create text after 0ms
Wrapped text after 0ms
Drawn text after 0ms


DEBUG2019-06-15 14:03:31,466 [9]
Text creation 115 characters 640x340
Create text after 0ms
Wrapped text after 0ms
Drawn text after 0ms


DEBUG2019-06-15 14:03:35,726 [10]
Text creation 21 characters 640x340
Create text after 0ms
Wrapped text after 0ms
Drawn text after 0ms


DEBUG2019-06-15 14:03:35,726 [21]
Text creation 21 characters 472,037647058823x250,77
Create text after 0ms
Wrapped text after 0ms
Drawn text after 0ms


DEBUG2019-06-15 14:03:35,726 [1]
Changed selected service item
Cleaned old item after 0ms
New item is of type FreeWorship.ServiceList.SlidesServiceItem
Generated new VM after 0ms
Set new VM after 0ms
Set background settings after 0ms
Finished changing item after 0ms

DEBUG2019-06-15 14:03:42,506 [1]
Changed selected service item
Cleaned old item after 0ms
New item is of type FreeWorship.ServiceList.SlidesServiceItem
Generated new VM after 0ms
Set new VM after 0ms
Set background settings after 0ms
Finished changing item after 0ms

DEBUG2019-06-15 14:03:42,541 [9]
Text creation 133 characters 640x340
Create text after 0ms
Wrapped text after 0ms
Drawn text after 0ms


DEBUG2019-06-15 14:03:42,590 [10]
Text creation 133 characters 472,037647058823x250,77
Create text after 0ms
Wrapped text after 0ms
Drawn text after 0ms


DEBUG2019-06-15 14:03:58,383 [1]
Changed selected service item
Cleaned old item after 0ms
New item is of type FreeWorship.ServiceList.SlidesServiceItem
Generated new VM after 0ms
Set new VM after 0ms
Set background settings after 0ms
Finished changing item after 0ms

DEBUG2019-06-15 14:04:15,911 [11]
Text creation 24 characters 640x340
Create text after 0ms
Wrapped text after 0ms
Drawn text after 0ms


DEBUG2019-06-15 14:04:15,916 [9]
Text creation 24 characters 472,037647058823x250,77
Create text after 0ms
Wrapped text after 0ms
Drawn text after 0ms


DEBUG2019-06-15 14:04:15,916 [21]
Text creation 91 characters 640x340
Create text after 0ms
Wrapped text after 0ms
Drawn text after 0ms


DEBUG2019-06-15 14:04:15,916 [10]
Text creation 91 characters 472,037647058823x250,77
Create text after 0ms
Wrapped text after 0ms
Drawn text after 0ms


DEBUG2019-06-15 14:04:15,926 [1]
Changed selected service item
Cleaned old item after 0ms
New item is of type FreeWorship.ServiceList.SongServiceItem
Generated new VM after 3ms
Set new VM after 3ms
Set background settings after 26ms
Finished changing item after 26ms

DEBUG2019-06-15 14:04:29,486 [9]
Text creation 23 characters 640x340
Create text after 0ms
Wrapped text after 0ms
Drawn text after 0ms


DEBUG2019-06-15 14:04:29,496 [1]
Changed selected service item
Cleaned old item after 2ms
New item is of type FreeWorship.ServiceList.SongServiceItem
Generated new VM after 2ms
Set new VM after 2ms
Set background settings after 5ms
Finished changing item after 5ms

DEBUG2019-06-15 14:04:29,501 [20]
Text creation 23 characters 472,037647058823x250,77
Create text after 0ms
Wrapped text after 0ms
Drawn text after 0ms


DEBUG2019-06-15 14:04:29,501 [11]
Text creation 100 characters 640x340
Create text after 0ms
Wrapped text after 0ms
Drawn text after 0ms


DEBUG2019-06-15 14:04:29,501 [9]
Text creation 100 characters 472,037647058823x250,77
Create text after 0ms
Wrapped text after 0ms
Drawn text after 0ms


DEBUG2019-06-15 14:04:30,590 [1]
Changed selected service item
Cleaned old item after 0ms
New item is of type FreeWorship.ServiceList.HeaderServiceItem
Generated new VM after 0ms
Set new VM after 0ms
Set background settings after 3ms
Finished changing item after 3ms

DEBUG2019-06-15 14:05:21,019 [1]
Changed selected service item
Cleaned old item after 0ms
New item is of type FreeWorship.ServiceList.SongServiceItem
Generated new VM after 0ms
Set new VM after 0ms
Set background settings after 3ms
Finished changing item after 3ms

DEBUG2019-06-15 14:05:21,039 [17]
Text creation 32 characters 640x340
Create text after 0ms
Wrapped text after 0ms
Drawn text after 0ms


DEBUG2019-06-15 14:05:21,039 [9]
Text creation 32 characters 472,037647058823x250,77
Create text after 0ms
Wrapped text after 0ms
Drawn text after 0ms


DEBUG2019-06-15 14:05:21,039 [20]
Text creation 123 characters 472,037647058823x250,77
Create text after 0ms
Wrapped text after 0ms
Drawn text after 0ms


DEBUG2019-06-15 14:05:21,039 [24]
Text creation 123 characters 640x340
Create text after 0ms
Wrapped text after 0ms
Drawn text after 0ms


DEBUG2019-06-15 14:05:24,075 [1]
Changed selected service item
Cleaned old item after 0ms
New item is of type FreeWorship.ServiceList.HeaderServiceItem
Generated new VM after 0ms
Set new VM after 0ms
Set background settings after 2ms
Finished changing item after 2ms

DEBUG2019-06-15 14:05:36,350 [26]
Text creation 22 characters 640x340
Create text after 0ms
Wrapped text after 0ms
Drawn text after 0ms


DEBUG2019-06-15 14:05:36,355 [1]
Changed selected service item
Cleaned old item after 0ms
New item is of type FreeWorship.ServiceList.SongServiceItem
Generated new VM after 0ms
Set new VM after 0ms
Set background settings after 4ms
Finished changing item after 4ms

DEBUG2019-06-15 14:05:36,385 [20]
Text creation 22 characters 472,037647058823x250,77
Create text after 0ms
Wrapped text after 0ms
Drawn text after 0ms


DEBUG2019-06-15 14:05:36,395 [9]
Text creation 254 characters 472,037647058823x250,77
Create text after 0ms
Wrapped text after 0ms
Drawn text after 0ms


DEBUG2019-06-15 14:05:36,395 [25]
Text creation 254 characters 640x340
Create text after 0ms
Wrapped text after 0ms
Drawn text after 0ms


DEBUG2019-06-15 14:05:37,376 [17]
Text creation 21 characters 640x340
Create text after 0ms
Wrapped text after 0ms
Drawn text after 0ms


DEBUG2019-06-15 14:05:37,376 [1]
Changed selected service item
Cleaned old item after 0ms
New item is of type FreeWorship.ServiceList.SongServiceItem
Generated new VM after 0ms
Set new VM after 0ms
Set background settings after 0ms
Finished changing item after 0ms

DEBUG2019-06-15 14:05:37,421 [26]
Text creation 21 characters 472,037647058823x250,77
Create text after 0ms
Wrapped text after 0ms
Drawn text after 0ms


DEBUG2019-06-15 14:05:37,431 [20]
Text creation 239 characters 472,037647058823x250,77
Create text after 0ms
Wrapped text after 0ms
Drawn text after 0ms


DEBUG2019-06-15 14:05:37,431 [24]
Text creation 239 characters 640x340
Create text after 0ms
Wrapped text after 0ms
Drawn text after 0ms


DEBUG2019-06-15 14:06:38,303 [1]
Changed selected service item
Cleaned old item after 0ms
New item is of type FreeWorship.ServiceList.SongServiceItem
Generated new VM after 0ms
Set new VM after 0ms
Set background settings after 0ms
Finished changing item after 0ms

DEBUG2019-06-15 14:06:38,323 [32]
Text creation 29 characters 640x340
Create text after 0ms
Wrapped text after 0ms
Drawn text after 0ms


DEBUG2019-06-15 14:06:38,323 [29]
Text creation 99 characters 640x340
Create text after 0ms
Wrapped text after 0ms
Drawn text after 0ms


DEBUG2019-06-15 14:06:38,323 [31]
Text creation 29 characters 472,037647058823x250,77
Create text after 0ms
Wrapped text after 0ms
Drawn text after 0ms


DEBUG2019-06-15 14:06:38,323 [30]
Text creation 99 characters 472,037647058823x250,77
Create text after 0ms
Wrapped text after 0ms
Drawn text after 0ms


DEBUG2019-06-15 14:06:39,932 [32]
Text creation 23 characters 640x340
Create text after 0ms
Wrapped text after 0ms
Drawn text after 0ms


DEBUG2019-06-15 14:06:39,932 [1]
Changed selected service item
Cleaned old item after 0ms
New item is of type FreeWorship.ServiceList.SongServiceItem
Generated new VM after 0ms
Set new VM after 0ms
Set background settings after 0ms
Finished changing item after 0ms

DEBUG2019-06-15 14:06:39,957 [29]
Text creation 23 characters 472,037647058823x250,77
Create text after 0ms
Wrapped text after 0ms
Drawn text after 0ms


DEBUG2019-06-15 14:06:39,957 [32]
Text creation 177 characters 472,037647058823x250,77
Create text after 0ms
Wrapped text after 0ms
Drawn text after 0ms


DEBUG2019-06-15 14:06:39,957 [31]
Text creation 177 characters 640x340
Create text after 0ms
Wrapped text after 0ms
Drawn text after 0ms


DEBUG2019-06-15 14:06:46,349 [32]
Text creation 178 characters 472,037647058823x250,77
Create text after 0ms
Wrapped text after 0ms
Drawn text after 0ms


DEBUG2019-06-15 14:06:46,359 [11]
Text creation 178 characters 640x340
Create text after 0ms
Wrapped text after 0ms
Drawn text after 0ms


INFO 2019-06-15 14:07:06,808 [1]
Saving service list to C:\Users\Febe\Downloads\FreeWorshipPortable_3.4.2.171\OVALLE.fws

INFO 2019-06-15 14:07:06,858 [1]
Settings written to disk

INFO 2019-06-15 14:07:06,858 [1]
View closed

DEBUG2019-06-15 14:07:07,303 [1]
Closing 0 open presentations

DEBUG2019-06-15 14:07:07,303 [1]
Finished closing all open presentations

INFO 2019-06-15 14:07:07,303 [1]
Closing PowerPoint

INFO 2019-06-15 14:07:07,366 [1]
FreeWorship closed
-------------------------------------

INFO 2019-06-15 14:07:13,106 [1]
+++++++++++++++++++++++++++++++++++++
FreeWorship Version: 3.4.2 x64
Windows OS Version:10 Home Single Language 64-bit
Sys Mem:3969MB

DEBUG2019-06-15 14:07:13,133 [1]
Starting new Icon generation thread ThumbGen2473

INFO 2019-06-15 14:07:13,461 [1]
Created Win8.1/Win10 spell checker

INFO 2019-06-15 14:07:14,521 [1]
Succesfully started PowerPoint 2016

DEBUG2019-06-15 14:07:14,591 [1]
Presentation window's handle is 329054

INFO 2019-06-15 14:07:15,037 [1]
Loaded Chrome Embedded Framework

INFO 2019-06-15 14:07:15,098 [1]
Initialised Chrome Embedded Framework

INFO 2019-06-15 14:07:15,192 [1]
Failed to load the following font: No se puede convertir FontFamilyConverter desde System.String.

INFO 2019-06-15 14:07:15,437 [1]
Failed to load the following font:HelveticaNeueLT Std 

INFO 2019-06-15 14:07:15,437 [1]
Failed to load the following font:HelveticaNeueLT Std Blk 

INFO 2019-06-15 14:07:15,437 [1]
Failed to load the following font:HelveticaNeueLT Std Cn 

INFO 2019-06-15 14:07:15,437 [1]
Failed to load the following font:HelveticaNeueLT Std Lt 

INFO 2019-06-15 14:07:15,798 [1]
Loaded 179 fonts successfully and failed to load the following fonts:

INFO 2019-06-15 14:07:15,819 [1]
No errors to report

INFO 2019-06-15 14:07:16,540 [1]
Songs Database loaded with 602 items

INFO 2019-06-15 14:07:17,096 [1]
Bibles Database loaded with 3 items

INFO 2019-06-15 14:07:17,196 [1]
Slides Database loaded with 5 items

INFO 2019-06-15 14:07:22,183 [1]
Checked for updates in 2374 ms

INFO 2019-06-15 14:07:22,183 [1]
Result was NewUpdate

DEBUG2019-06-15 14:07:54,169 [1]
Closing 0 open presentations

DEBUG2019-06-15 14:07:54,169 [1]
Finished closing all open presentations

INFO 2019-06-15 14:07:54,174 [1]
Closing PowerPoint

INFO 2019-06-15 14:07:54,221 [1]
FreeWorship closed
-------------------------------------

